{"C:\\Users\\USER\\OneDrive\\Dokumen\\Hacktiv8\\phase 2\\week3\\Travel-AI-Project\\server\\controllers\\ProfileController.js": {"path":"C:\\Users\\USER\\OneDrive\\Dokumen\\Hacktiv8\\phase 2\\week3\\Travel-AI-Project\\server\\controllers\\ProfileController.js","statementMap":{"0":{"start":{"line":1,"column":20},"end":{"line":1,"column":40}},"1":{"start":{"line":2,"column":19},"end":{"line":2,"column":43}},"2":{"start":{"line":4,"column":0},"end":{"line":136,"column":1}},"3":{"start":{"line":7,"column":8},"end":{"line":39,"column":9}},"4":{"start":{"line":8,"column":51},"end":{"line":8,"column":59}},"5":{"start":{"line":10,"column":12},"end":{"line":12,"column":13}},"6":{"start":{"line":11,"column":16},"end":{"line":11,"column":78}},"7":{"start":{"line":14,"column":32},"end":{"line":14,"column":66}},"8":{"start":{"line":15,"column":28},"end":{"line":15,"column":77}},"9":{"start":{"line":17,"column":35},"end":{"line":19,"column":14}},"10":{"start":{"line":22,"column":28},"end":{"line":29,"column":14}},"11":{"start":{"line":31,"column":12},"end":{"line":34,"column":14}},"12":{"start":{"line":36,"column":12},"end":{"line":36,"column":30}},"13":{"start":{"line":37,"column":12},"end":{"line":37,"column":24}},"14":{"start":{"line":44,"column":8},"end":{"line":60,"column":9}},"15":{"start":{"line":45,"column":28},"end":{"line":49,"column":14}},"16":{"start":{"line":51,"column":12},"end":{"line":53,"column":13}},"17":{"start":{"line":52,"column":16},"end":{"line":52,"column":72}},"18":{"start":{"line":55,"column":12},"end":{"line":55,"column":41}},"19":{"start":{"line":58,"column":12},"end":{"line":58,"column":31}},"20":{"start":{"line":59,"column":12},"end":{"line":59,"column":23}},"21":{"start":{"line":64,"column":8},"end":{"line":96,"column":9}},"22":{"start":{"line":65,"column":27},"end":{"line":65,"column":37}},"23":{"start":{"line":66,"column":33},"end":{"line":70,"column":14}},"24":{"start":{"line":72,"column":12},"end":{"line":74,"column":13}},"25":{"start":{"line":73,"column":16},"end":{"line":73,"column":86}},"26":{"start":{"line":81,"column":16},"end":{"line":81,"column":24}},"27":{"start":{"line":83,"column":12},"end":{"line":90,"column":14}},"28":{"start":{"line":92,"column":12},"end":{"line":92,"column":85}},"29":{"start":{"line":94,"column":12},"end":{"line":94,"column":43}},"30":{"start":{"line":95,"column":12},"end":{"line":95,"column":23}},"31":{"start":{"line":100,"column":8},"end":{"line":133,"column":9}},"32":{"start":{"line":101,"column":30},"end":{"line":101,"column":44}},"33":{"start":{"line":102,"column":28},"end":{"line":102,"column":61}},"34":{"start":{"line":103,"column":12},"end":{"line":105,"column":13}},"35":{"start":{"line":104,"column":16},"end":{"line":104,"column":89}},"36":{"start":{"line":107,"column":12},"end":{"line":107,"column":33}},"37":{"start":{"line":108,"column":12},"end":{"line":110,"column":13}},"38":{"start":{"line":109,"column":16},"end":{"line":109,"column":84}},"39":{"start":{"line":113,"column":32},"end":{"line":113,"column":66}},"40":{"start":{"line":116,"column":28},"end":{"line":116,"column":77}},"41":{"start":{"line":119,"column":27},"end":{"line":119,"column":68}},"42":{"start":{"line":121,"column":12},"end":{"line":121,"column":40}},"43":{"start":{"line":123,"column":12},"end":{"line":125,"column":15}},"44":{"start":{"line":127,"column":12},"end":{"line":129,"column":15}},"45":{"start":{"line":131,"column":12},"end":{"line":131,"column":43}},"46":{"start":{"line":132,"column":12},"end":{"line":132,"column":23}}},"fnMap":{"0":{"name":"(anonymous_0)","decl":{"start":{"line":6,"column":4},"end":{"line":6,"column":5}},"loc":{"start":{"line":6,"column":47},"end":{"line":40,"column":5}},"line":6},"1":{"name":"(anonymous_1)","decl":{"start":{"line":43,"column":4},"end":{"line":43,"column":5}},"loc":{"start":{"line":43,"column":44},"end":{"line":61,"column":5}},"line":43},"2":{"name":"(anonymous_2)","decl":{"start":{"line":63,"column":4},"end":{"line":63,"column":5}},"loc":{"start":{"line":63,"column":42},"end":{"line":97,"column":5}},"line":63},"3":{"name":"(anonymous_3)","decl":{"start":{"line":99,"column":4},"end":{"line":99,"column":5}},"loc":{"start":{"line":99,"column":47},"end":{"line":134,"column":5}},"line":99}},"branchMap":{"0":{"loc":{"start":{"line":10,"column":12},"end":{"line":12,"column":13}},"type":"if","locations":[{"start":{"line":10,"column":12},"end":{"line":12,"column":13}},{"start":{},"end":{}}],"line":10},"1":{"loc":{"start":{"line":51,"column":12},"end":{"line":53,"column":13}},"type":"if","locations":[{"start":{"line":51,"column":12},"end":{"line":53,"column":13}},{"start":{},"end":{}}],"line":51},"2":{"loc":{"start":{"line":72,"column":12},"end":{"line":74,"column":13}},"type":"if","locations":[{"start":{"line":72,"column":12},"end":{"line":74,"column":13}},{"start":{},"end":{}}],"line":72},"3":{"loc":{"start":{"line":103,"column":12},"end":{"line":105,"column":13}},"type":"if","locations":[{"start":{"line":103,"column":12},"end":{"line":105,"column":13}},{"start":{},"end":{}}],"line":103},"4":{"loc":{"start":{"line":108,"column":12},"end":{"line":110,"column":13}},"type":"if","locations":[{"start":{"line":108,"column":12},"end":{"line":110,"column":13}},{"start":{},"end":{}}],"line":108}},"s":{"0":2,"1":2,"2":2,"3":3,"4":3,"5":2,"6":1,"7":1,"8":1,"9":1,"10":1,"11":1,"12":1,"13":1,"14":2,"15":2,"16":2,"17":1,"18":1,"19":1,"20":1,"21":0,"22":0,"23":0,"24":0,"25":0,"26":0,"27":0,"28":0,"29":0,"30":0,"31":1,"32":1,"33":1,"34":1,"35":0,"36":1,"37":1,"38":0,"39":1,"40":1,"41":1,"42":1,"43":1,"44":1,"45":0,"46":0},"f":{"0":3,"1":2,"2":0,"3":1},"b":{"0":[1,1],"1":[1,1],"2":[0,0],"3":[0,1],"4":[0,1]},"_coverageSchema":"1a1c01bbd47fc00a2c39e90264f33305004495a9","hash":"5bef8d160f284e4d9f615f786ee14e5158333a17"}
,"C:\\Users\\USER\\OneDrive\\Dokumen\\Hacktiv8\\phase 2\\week3\\Travel-AI-Project\\server\\controllers\\TripController.js": {"path":"C:\\Users\\USER\\OneDrive\\Dokumen\\Hacktiv8\\phase 2\\week3\\Travel-AI-Project\\server\\controllers\\TripController.js","statementMap":{"0":{"start":{"line":1,"column":17},"end":{"line":1,"column":37}},"1":{"start":{"line":2,"column":24},"end":{"line":2,"column":48}},"2":{"start":{"line":5,"column":11},"end":{"line":7,"column":2}},"3":{"start":{"line":9,"column":0},"end":{"line":11,"column":1}},"4":{"start":{"line":10,"column":4},"end":{"line":10,"column":74}},"5":{"start":{"line":13,"column":0},"end":{"line":190,"column":1}},"6":{"start":{"line":16,"column":8},"end":{"line":39,"column":9}},"7":{"start":{"line":17,"column":26},"end":{"line":17,"column":78}},"8":{"start":{"line":19,"column":27},"end":{"line":29,"column":86}},"9":{"start":{"line":31,"column":27},"end":{"line":31,"column":62}},"10":{"start":{"line":32,"column":29},"end":{"line":32,"column":50}},"11":{"start":{"line":33,"column":30},"end":{"line":33,"column":45}},"12":{"start":{"line":35,"column":12},"end":{"line":35,"column":29}},"13":{"start":{"line":37,"column":12},"end":{"line":37,"column":62}},"14":{"start":{"line":38,"column":12},"end":{"line":38,"column":24}},"15":{"start":{"line":43,"column":8},"end":{"line":85,"column":9}},"16":{"start":{"line":44,"column":91},"end":{"line":44,"column":99}},"17":{"start":{"line":47,"column":30},"end":{"line":53,"column":13}},"18":{"start":{"line":55,"column":25},"end":{"line":65,"column":14}},"19":{"start":{"line":67,"column":12},"end":{"line":80,"column":14}},"20":{"start":{"line":82,"column":12},"end":{"line":82,"column":31}},"21":{"start":{"line":83,"column":12},"end":{"line":83,"column":23}},"22":{"start":{"line":89,"column":8},"end":{"line":105,"column":9}},"23":{"start":{"line":90,"column":26},"end":{"line":95,"column":14}},"24":{"start":{"line":97,"column":12},"end":{"line":99,"column":13}},"25":{"start":{"line":98,"column":16},"end":{"line":98,"column":69}},"26":{"start":{"line":100,"column":12},"end":{"line":100,"column":39}},"27":{"start":{"line":102,"column":12},"end":{"line":102,"column":31}},"28":{"start":{"line":103,"column":12},"end":{"line":103,"column":23}},"29":{"start":{"line":109,"column":8},"end":{"line":127,"column":9}},"30":{"start":{"line":110,"column":27},"end":{"line":110,"column":37}},"31":{"start":{"line":111,"column":25},"end":{"line":116,"column":14}},"32":{"start":{"line":118,"column":12},"end":{"line":120,"column":13}},"33":{"start":{"line":119,"column":16},"end":{"line":119,"column":83}},"34":{"start":{"line":122,"column":12},"end":{"line":122,"column":38}},"35":{"start":{"line":124,"column":12},"end":{"line":124,"column":31}},"36":{"start":{"line":125,"column":12},"end":{"line":125,"column":23}},"37":{"start":{"line":131,"column":8},"end":{"line":163,"column":9}},"38":{"start":{"line":132,"column":27},"end":{"line":132,"column":37}},"39":{"start":{"line":133,"column":30},"end":{"line":138,"column":14}},"40":{"start":{"line":140,"column":12},"end":{"line":142,"column":13}},"41":{"start":{"line":141,"column":16},"end":{"line":141,"column":69}},"42":{"start":{"line":144,"column":102},"end":{"line":144,"column":110}},"43":{"start":{"line":146,"column":12},"end":{"line":156,"column":14}},"44":{"start":{"line":158,"column":12},"end":{"line":158,"column":68}},"45":{"start":{"line":160,"column":12},"end":{"line":160,"column":31}},"46":{"start":{"line":161,"column":12},"end":{"line":161,"column":23}},"47":{"start":{"line":167,"column":8},"end":{"line":188,"column":9}},"48":{"start":{"line":169,"column":27},"end":{"line":169,"column":37}},"49":{"start":{"line":170,"column":30},"end":{"line":175,"column":14}},"50":{"start":{"line":177,"column":12},"end":{"line":179,"column":13}},"51":{"start":{"line":178,"column":16},"end":{"line":178,"column":83}},"52":{"start":{"line":181,"column":12},"end":{"line":181,"column":37}},"53":{"start":{"line":182,"column":12},"end":{"line":182,"column":68}},"54":{"start":{"line":185,"column":12},"end":{"line":185,"column":31}},"55":{"start":{"line":186,"column":12},"end":{"line":186,"column":23}}},"fnMap":{"0":{"name":"(anonymous_0)","decl":{"start":{"line":15,"column":4},"end":{"line":15,"column":5}},"loc":{"start":{"line":15,"column":88},"end":{"line":40,"column":5}},"line":15},"1":{"name":"(anonymous_1)","decl":{"start":{"line":42,"column":4},"end":{"line":42,"column":5}},"loc":{"start":{"line":42,"column":44},"end":{"line":86,"column":5}},"line":42},"2":{"name":"(anonymous_2)","decl":{"start":{"line":88,"column":4},"end":{"line":88,"column":5}},"loc":{"start":{"line":88,"column":44},"end":{"line":106,"column":5}},"line":88},"3":{"name":"(anonymous_3)","decl":{"start":{"line":108,"column":4},"end":{"line":108,"column":5}},"loc":{"start":{"line":108,"column":45},"end":{"line":128,"column":5}},"line":108},"4":{"name":"(anonymous_4)","decl":{"start":{"line":130,"column":4},"end":{"line":130,"column":5}},"loc":{"start":{"line":130,"column":42},"end":{"line":164,"column":5}},"line":130},"5":{"name":"(anonymous_5)","decl":{"start":{"line":166,"column":4},"end":{"line":166,"column":5}},"loc":{"start":{"line":166,"column":44},"end":{"line":189,"column":5}},"line":166}},"branchMap":{"0":{"loc":{"start":{"line":9,"column":0},"end":{"line":11,"column":1}},"type":"if","locations":[{"start":{"line":9,"column":0},"end":{"line":11,"column":1}},{"start":{},"end":{}}],"line":9},"1":{"loc":{"start":{"line":97,"column":12},"end":{"line":99,"column":13}},"type":"if","locations":[{"start":{"line":97,"column":12},"end":{"line":99,"column":13}},{"start":{},"end":{}}],"line":97},"2":{"loc":{"start":{"line":118,"column":12},"end":{"line":120,"column":13}},"type":"if","locations":[{"start":{"line":118,"column":12},"end":{"line":120,"column":13}},{"start":{},"end":{}}],"line":118},"3":{"loc":{"start":{"line":140,"column":12},"end":{"line":142,"column":13}},"type":"if","locations":[{"start":{"line":140,"column":12},"end":{"line":142,"column":13}},{"start":{},"end":{}}],"line":140},"4":{"loc":{"start":{"line":177,"column":12},"end":{"line":179,"column":13}},"type":"if","locations":[{"start":{"line":177,"column":12},"end":{"line":179,"column":13}},{"start":{},"end":{}}],"line":177}},"s":{"0":2,"1":2,"2":2,"3":2,"4":0,"5":2,"6":2,"7":2,"8":2,"9":2,"10":2,"11":2,"12":2,"13":0,"14":0,"15":2,"16":2,"17":2,"18":2,"19":2,"20":0,"21":0,"22":0,"23":0,"24":0,"25":0,"26":0,"27":0,"28":0,"29":0,"30":0,"31":0,"32":0,"33":0,"34":0,"35":0,"36":0,"37":0,"38":0,"39":0,"40":0,"41":0,"42":0,"43":0,"44":0,"45":0,"46":0,"47":1,"48":1,"49":1,"50":1,"51":0,"52":1,"53":1,"54":0,"55":0},"f":{"0":2,"1":2,"2":0,"3":0,"4":0,"5":1},"b":{"0":[0,2],"1":[0,0],"2":[0,0],"3":[0,0],"4":[0,1]},"_coverageSchema":"1a1c01bbd47fc00a2c39e90264f33305004495a9","hash":"d6db556fdbb51eb1d201db6831c58eb8c118b726"}
,"C:\\Users\\USER\\OneDrive\\Dokumen\\Hacktiv8\\phase 2\\week3\\Travel-AI-Project\\server\\controllers\\UserController.js": {"path":"C:\\Users\\USER\\OneDrive\\Dokumen\\Hacktiv8\\phase 2\\week3\\Travel-AI-Project\\server\\controllers\\UserController.js","statementMap":{"0":{"start":{"line":1,"column":0},"end":{"line":1,"column":27}},"1":{"start":{"line":2,"column":17},"end":{"line":2,"column":37}},"2":{"start":{"line":3,"column":28},"end":{"line":3,"column":56}},"3":{"start":{"line":4,"column":22},"end":{"line":4,"column":47}},"4":{"start":{"line":6,"column":0},"end":{"line":65,"column":1}},"5":{"start":{"line":9,"column":8},"end":{"line":22,"column":9}},"6":{"start":{"line":11,"column":40},"end":{"line":11,"column":48}},"7":{"start":{"line":13,"column":25},"end":{"line":13,"column":63}},"8":{"start":{"line":15,"column":12},"end":{"line":17,"column":14}},"9":{"start":{"line":20,"column":12},"end":{"line":20,"column":31}},"10":{"start":{"line":21,"column":12},"end":{"line":21,"column":23}},"11":{"start":{"line":26,"column":8},"end":{"line":63,"column":9}},"12":{"start":{"line":28,"column":40},"end":{"line":28,"column":48}},"13":{"start":{"line":30,"column":12},"end":{"line":32,"column":13}},"14":{"start":{"line":31,"column":16},"end":{"line":31,"column":74}},"15":{"start":{"line":34,"column":12},"end":{"line":36,"column":13}},"16":{"start":{"line":35,"column":16},"end":{"line":35,"column":77}},"17":{"start":{"line":39,"column":25},"end":{"line":43,"column":14}},"18":{"start":{"line":44,"column":12},"end":{"line":46,"column":13}},"19":{"start":{"line":45,"column":16},"end":{"line":45,"column":81}},"20":{"start":{"line":49,"column":36},"end":{"line":49,"column":76}},"21":{"start":{"line":50,"column":12},"end":{"line":52,"column":13}},"22":{"start":{"line":51,"column":16},"end":{"line":51,"column":81}},"23":{"start":{"line":55,"column":33},"end":{"line":55,"column":76}},"24":{"start":{"line":58,"column":12},"end":{"line":58,"column":50}},"25":{"start":{"line":60,"column":12},"end":{"line":60,"column":31}},"26":{"start":{"line":61,"column":12},"end":{"line":61,"column":23}}},"fnMap":{"0":{"name":"(anonymous_0)","decl":{"start":{"line":8,"column":4},"end":{"line":8,"column":5}},"loc":{"start":{"line":8,"column":42},"end":{"line":23,"column":5}},"line":8},"1":{"name":"(anonymous_1)","decl":{"start":{"line":25,"column":4},"end":{"line":25,"column":5}},"loc":{"start":{"line":25,"column":39},"end":{"line":64,"column":5}},"line":25}},"branchMap":{"0":{"loc":{"start":{"line":30,"column":12},"end":{"line":32,"column":13}},"type":"if","locations":[{"start":{"line":30,"column":12},"end":{"line":32,"column":13}},{"start":{},"end":{}}],"line":30},"1":{"loc":{"start":{"line":34,"column":12},"end":{"line":36,"column":13}},"type":"if","locations":[{"start":{"line":34,"column":12},"end":{"line":36,"column":13}},{"start":{},"end":{}}],"line":34},"2":{"loc":{"start":{"line":44,"column":12},"end":{"line":46,"column":13}},"type":"if","locations":[{"start":{"line":44,"column":12},"end":{"line":46,"column":13}},{"start":{},"end":{}}],"line":44},"3":{"loc":{"start":{"line":50,"column":12},"end":{"line":52,"column":13}},"type":"if","locations":[{"start":{"line":50,"column":12},"end":{"line":52,"column":13}},{"start":{},"end":{}}],"line":50}},"s":{"0":2,"1":2,"2":2,"3":2,"4":2,"5":3,"6":3,"7":3,"8":2,"9":1,"10":1,"11":3,"12":3,"13":3,"14":2,"15":1,"16":0,"17":1,"18":1,"19":0,"20":1,"21":1,"22":0,"23":1,"24":1,"25":2,"26":2},"f":{"0":3,"1":3},"b":{"0":[2,1],"1":[0,1],"2":[0,1],"3":[0,1]},"_coverageSchema":"1a1c01bbd47fc00a2c39e90264f33305004495a9","hash":"70c47c927cd0c600c2b1e5038b6678fa844f77ff"}
,"C:\\Users\\USER\\OneDrive\\Dokumen\\Hacktiv8\\phase 2\\week3\\Travel-AI-Project\\server\\helpers\\bcrypt.js": {"path":"C:\\Users\\USER\\OneDrive\\Dokumen\\Hacktiv8\\phase 2\\week3\\Travel-AI-Project\\server\\helpers\\bcrypt.js","statementMap":{"0":{"start":{"line":1,"column":15},"end":{"line":1,"column":32}},"1":{"start":{"line":2,"column":21},"end":{"line":5,"column":1}},"2":{"start":{"line":3,"column":15},"end":{"line":3,"column":37}},"3":{"start":{"line":4,"column":2},"end":{"line":4,"column":40}},"4":{"start":{"line":7,"column":24},"end":{"line":9,"column":1}},"5":{"start":{"line":8,"column":2},"end":{"line":8,"column":53}},"6":{"start":{"line":11,"column":0},"end":{"line":14,"column":1}}},"fnMap":{"0":{"name":"(anonymous_0)","decl":{"start":{"line":2,"column":21},"end":{"line":2,"column":22}},"loc":{"start":{"line":2,"column":35},"end":{"line":5,"column":1}},"line":2},"1":{"name":"(anonymous_1)","decl":{"start":{"line":7,"column":24},"end":{"line":7,"column":25}},"loc":{"start":{"line":7,"column":54},"end":{"line":9,"column":1}},"line":7}},"branchMap":{},"s":{"0":7,"1":7,"2":1,"3":1,"4":7,"5":2,"6":7},"f":{"0":1,"1":2},"b":{},"_coverageSchema":"1a1c01bbd47fc00a2c39e90264f33305004495a9","hash":"b8524a809a0e1ff51778e4d77752af8dad3d60ff"}
,"C:\\Users\\USER\\OneDrive\\Dokumen\\Hacktiv8\\phase 2\\week3\\Travel-AI-Project\\server\\helpers\\jwt.js": {"path":"C:\\Users\\USER\\OneDrive\\Dokumen\\Hacktiv8\\phase 2\\week3\\Travel-AI-Project\\server\\helpers\\jwt.js","statementMap":{"0":{"start":{"line":1,"column":12},"end":{"line":1,"column":35}},"1":{"start":{"line":3,"column":18},"end":{"line":3,"column":40}},"2":{"start":{"line":5,"column":18},"end":{"line":7,"column":1}},"3":{"start":{"line":6,"column":2},"end":{"line":6,"column":38}},"4":{"start":{"line":9,"column":20},"end":{"line":11,"column":1}},"5":{"start":{"line":10,"column":2},"end":{"line":10,"column":38}},"6":{"start":{"line":13,"column":0},"end":{"line":15,"column":1}}},"fnMap":{"0":{"name":"(anonymous_0)","decl":{"start":{"line":5,"column":18},"end":{"line":5,"column":19}},"loc":{"start":{"line":5,"column":31},"end":{"line":7,"column":1}},"line":5},"1":{"name":"(anonymous_1)","decl":{"start":{"line":9,"column":20},"end":{"line":9,"column":21}},"loc":{"start":{"line":9,"column":31},"end":{"line":11,"column":1}},"line":9}},"branchMap":{},"s":{"0":4,"1":4,"2":4,"3":2,"4":4,"5":4,"6":4},"f":{"0":2,"1":4},"b":{},"_coverageSchema":"1a1c01bbd47fc00a2c39e90264f33305004495a9","hash":"fa9ff573aba9a3d76cc28d728f68f6475b0c2755"}
,"C:\\Users\\USER\\OneDrive\\Dokumen\\Hacktiv8\\phase 2\\week3\\Travel-AI-Project\\server\\helpers\\upload.js": {"path":"C:\\Users\\USER\\OneDrive\\Dokumen\\Hacktiv8\\phase 2\\week3\\Travel-AI-Project\\server\\helpers\\upload.js","statementMap":{"0":{"start":{"line":1,"column":15},"end":{"line":1,"column":32}},"1":{"start":{"line":2,"column":19},"end":{"line":2,"column":43}},"2":{"start":{"line":4,"column":16},"end":{"line":4,"column":38}},"3":{"start":{"line":5,"column":15},"end":{"line":5,"column":43}},"4":{"start":{"line":8,"column":0},"end":{"line":12,"column":3}},"5":{"start":{"line":14,"column":0},"end":{"line":14,"column":23}}},"fnMap":{},"branchMap":{},"s":{"0":1,"1":1,"2":1,"3":1,"4":1,"5":1},"f":{},"b":{},"_coverageSchema":"1a1c01bbd47fc00a2c39e90264f33305004495a9","hash":"7b943042181beabe07cf687dbf7e99ac76b6d162"}
,"C:\\Users\\USER\\OneDrive\\Dokumen\\Hacktiv8\\phase 2\\week3\\Travel-AI-Project\\server\\middlewares\\authentication.js": {"path":"C:\\Users\\USER\\OneDrive\\Dokumen\\Hacktiv8\\phase 2\\week3\\Travel-AI-Project\\server\\middlewares\\authentication.js","statementMap":{"0":{"start":{"line":1,"column":17},"end":{"line":1,"column":37}},"1":{"start":{"line":2,"column":24},"end":{"line":2,"column":49}},"2":{"start":{"line":4,"column":0},"end":{"line":45,"column":1}},"3":{"start":{"line":5,"column":2},"end":{"line":44,"column":3}},"4":{"start":{"line":6,"column":4},"end":{"line":6,"column":28}},"5":{"start":{"line":9,"column":30},"end":{"line":9,"column":41}},"6":{"start":{"line":12,"column":4},"end":{"line":12,"column":80}},"7":{"start":{"line":12,"column":24},"end":{"line":12,"column":80}},"8":{"start":{"line":15,"column":21},"end":{"line":15,"column":45}},"9":{"start":{"line":16,"column":22},"end":{"line":16,"column":33}},"10":{"start":{"line":17,"column":23},"end":{"line":17,"column":34}},"11":{"start":{"line":20,"column":4},"end":{"line":22,"column":5}},"12":{"start":{"line":21,"column":6},"end":{"line":21,"column":62}},"13":{"start":{"line":25,"column":19},"end":{"line":25,"column":42}},"14":{"start":{"line":28,"column":17},"end":{"line":28,"column":47}},"15":{"start":{"line":29,"column":4},"end":{"line":31,"column":5}},"16":{"start":{"line":30,"column":6},"end":{"line":30,"column":62}},"17":{"start":{"line":34,"column":4},"end":{"line":37,"column":5}},"18":{"start":{"line":39,"column":4},"end":{"line":39,"column":10}},"19":{"start":{"line":41,"column":4},"end":{"line":41,"column":36}},"20":{"start":{"line":43,"column":4},"end":{"line":43,"column":15}}},"fnMap":{"0":{"name":"authMiddleware","decl":{"start":{"line":4,"column":32},"end":{"line":4,"column":46}},"loc":{"start":{"line":4,"column":63},"end":{"line":45,"column":1}},"line":4}},"branchMap":{"0":{"loc":{"start":{"line":12,"column":4},"end":{"line":12,"column":80}},"type":"if","locations":[{"start":{"line":12,"column":4},"end":{"line":12,"column":80}},{"start":{},"end":{}}],"line":12},"1":{"loc":{"start":{"line":20,"column":4},"end":{"line":22,"column":5}},"type":"if","locations":[{"start":{"line":20,"column":4},"end":{"line":22,"column":5}},{"start":{},"end":{}}],"line":20},"2":{"loc":{"start":{"line":20,"column":8},"end":{"line":20,"column":45}},"type":"binary-expr","locations":[{"start":{"line":20,"column":8},"end":{"line":20,"column":30}},{"start":{"line":20,"column":34},"end":{"line":20,"column":45}}],"line":20},"3":{"loc":{"start":{"line":29,"column":4},"end":{"line":31,"column":5}},"type":"if","locations":[{"start":{"line":29,"column":4},"end":{"line":31,"column":5}},{"start":{},"end":{}}],"line":29}},"s":{"0":2,"1":2,"2":2,"3":7,"4":7,"5":7,"6":7,"7":1,"8":6,"9":6,"10":6,"11":6,"12":1,"13":5,"14":5,"15":5,"16":1,"17":4,"18":4,"19":3,"20":3},"f":{"0":7},"b":{"0":[1,6],"1":[1,5],"2":[6,5],"3":[1,4]},"_coverageSchema":"1a1c01bbd47fc00a2c39e90264f33305004495a9","hash":"6fa7acb59d8c27f4c72f6d7d344dcf8a39ae91ef"}
,"C:\\Users\\USER\\OneDrive\\Dokumen\\Hacktiv8\\phase 2\\week3\\Travel-AI-Project\\server\\middlewares\\errorHandler.js": {"path":"C:\\Users\\USER\\OneDrive\\Dokumen\\Hacktiv8\\phase 2\\week3\\Travel-AI-Project\\server\\middlewares\\errorHandler.js","statementMap":{"0":{"start":{"line":2,"column":0},"end":{"line":25,"column":1}},"1":{"start":{"line":3,"column":2},"end":{"line":3,"column":18}},"2":{"start":{"line":5,"column":2},"end":{"line":7,"column":3}},"3":{"start":{"line":6,"column":4},"end":{"line":6,"column":57}},"4":{"start":{"line":9,"column":2},"end":{"line":11,"column":3}},"5":{"start":{"line":10,"column":4},"end":{"line":10,"column":61}},"6":{"start":{"line":13,"column":2},"end":{"line":15,"column":3}},"7":{"start":{"line":14,"column":4},"end":{"line":14,"column":57}},"8":{"start":{"line":16,"column":2},"end":{"line":18,"column":3}},"9":{"start":{"line":17,"column":4},"end":{"line":17,"column":57}},"10":{"start":{"line":20,"column":2},"end":{"line":22,"column":3}},"11":{"start":{"line":21,"column":4},"end":{"line":21,"column":67}},"12":{"start":{"line":24,"column":2},"end":{"line":24,"column":60}}},"fnMap":{"0":{"name":"errorHandler","decl":{"start":{"line":2,"column":26},"end":{"line":2,"column":38}},"loc":{"start":{"line":2,"column":60},"end":{"line":25,"column":1}},"line":2}},"branchMap":{"0":{"loc":{"start":{"line":5,"column":2},"end":{"line":7,"column":3}},"type":"if","locations":[{"start":{"line":5,"column":2},"end":{"line":7,"column":3}},{"start":{},"end":{}}],"line":5},"1":{"loc":{"start":{"line":9,"column":2},"end":{"line":11,"column":3}},"type":"if","locations":[{"start":{"line":9,"column":2},"end":{"line":11,"column":3}},{"start":{},"end":{}}],"line":9},"2":{"loc":{"start":{"line":13,"column":2},"end":{"line":15,"column":3}},"type":"if","locations":[{"start":{"line":13,"column":2},"end":{"line":15,"column":3}},{"start":{},"end":{}}],"line":13},"3":{"loc":{"start":{"line":16,"column":2},"end":{"line":18,"column":3}},"type":"if","locations":[{"start":{"line":16,"column":2},"end":{"line":18,"column":3}},{"start":{},"end":{}}],"line":16},"4":{"loc":{"start":{"line":20,"column":2},"end":{"line":22,"column":3}},"type":"if","locations":[{"start":{"line":20,"column":2},"end":{"line":22,"column":3}},{"start":{},"end":{}}],"line":20},"5":{"loc":{"start":{"line":20,"column":6},"end":{"line":20,"column":94}},"type":"binary-expr","locations":[{"start":{"line":20,"column":6},"end":{"line":20,"column":45}},{"start":{"line":20,"column":49},"end":{"line":20,"column":94}}],"line":20}},"s":{"0":2,"1":8,"2":8,"3":1,"4":7,"5":1,"6":6,"7":2,"8":4,"9":1,"10":3,"11":1,"12":2},"f":{"0":8},"b":{"0":[1,7],"1":[1,6],"2":[2,4],"3":[1,3],"4":[1,2],"5":[3,2]},"_coverageSchema":"1a1c01bbd47fc00a2c39e90264f33305004495a9","hash":"f396d2b6f3e7e2341e2d19e426bd4ee444bd4530"}
,"C:\\Users\\USER\\OneDrive\\Dokumen\\Hacktiv8\\phase 2\\week3\\Travel-AI-Project\\server\\routes\\index.js": {"path":"C:\\Users\\USER\\OneDrive\\Dokumen\\Hacktiv8\\phase 2\\week3\\Travel-AI-Project\\server\\routes\\index.js","statementMap":{"0":{"start":{"line":1,"column":16},"end":{"line":1,"column":34}},"1":{"start":{"line":2,"column":15},"end":{"line":2,"column":31}},"2":{"start":{"line":3,"column":23},"end":{"line":3,"column":63}},"3":{"start":{"line":4,"column":19},"end":{"line":4,"column":43}},"4":{"start":{"line":5,"column":22},"end":{"line":5,"column":49}},"5":{"start":{"line":6,"column":23},"end":{"line":6,"column":63}},"6":{"start":{"line":9,"column":0},"end":{"line":9,"column":50}},"7":{"start":{"line":10,"column":0},"end":{"line":10,"column":44}},"8":{"start":{"line":12,"column":0},"end":{"line":12,"column":26}},"9":{"start":{"line":14,"column":0},"end":{"line":14,"column":37}},"10":{"start":{"line":15,"column":0},"end":{"line":15,"column":32}},"11":{"start":{"line":17,"column":0},"end":{"line":17,"column":23}}},"fnMap":{},"branchMap":{},"s":{"0":1,"1":1,"2":1,"3":1,"4":1,"5":1,"6":1,"7":1,"8":1,"9":1,"10":1,"11":1},"f":{},"b":{},"_coverageSchema":"1a1c01bbd47fc00a2c39e90264f33305004495a9","hash":"64a7d281cc60e6096206013a3e3952e5dfaefb19"}
,"C:\\Users\\USER\\OneDrive\\Dokumen\\Hacktiv8\\phase 2\\week3\\Travel-AI-Project\\server\\routes\\routes_profile.js": {"path":"C:\\Users\\USER\\OneDrive\\Dokumen\\Hacktiv8\\phase 2\\week3\\Travel-AI-Project\\server\\routes\\routes_profile.js","statementMap":{"0":{"start":{"line":1,"column":16},"end":{"line":1,"column":34}},"1":{"start":{"line":2,"column":15},"end":{"line":2,"column":31}},"2":{"start":{"line":3,"column":26},"end":{"line":3,"column":69}},"3":{"start":{"line":4,"column":15},"end":{"line":4,"column":43}},"4":{"start":{"line":7,"column":0},"end":{"line":7,"column":57}},"5":{"start":{"line":8,"column":0},"end":{"line":8,"column":46}},"6":{"start":{"line":9,"column":0},"end":{"line":9,"column":46}},"7":{"start":{"line":10,"column":0},"end":{"line":10,"column":93}},"8":{"start":{"line":14,"column":0},"end":{"line":14,"column":23}}},"fnMap":{},"branchMap":{},"s":{"0":1,"1":1,"2":1,"3":1,"4":1,"5":1,"6":1,"7":1,"8":1},"f":{},"b":{},"_coverageSchema":"1a1c01bbd47fc00a2c39e90264f33305004495a9","hash":"f52465c7d256ef7680f10223bb49604a8290bd93"}
,"C:\\Users\\USER\\OneDrive\\Dokumen\\Hacktiv8\\phase 2\\week3\\Travel-AI-Project\\server\\routes\\routes_trip.js": {"path":"C:\\Users\\USER\\OneDrive\\Dokumen\\Hacktiv8\\phase 2\\week3\\Travel-AI-Project\\server\\routes\\routes_trip.js","statementMap":{"0":{"start":{"line":1,"column":16},"end":{"line":1,"column":34}},"1":{"start":{"line":2,"column":15},"end":{"line":2,"column":31}},"2":{"start":{"line":3,"column":23},"end":{"line":3,"column":63}},"3":{"start":{"line":5,"column":0},"end":{"line":5,"column":42}},"4":{"start":{"line":6,"column":0},"end":{"line":6,"column":46}},"5":{"start":{"line":7,"column":0},"end":{"line":7,"column":43}},"6":{"start":{"line":8,"column":0},"end":{"line":8,"column":43}},"7":{"start":{"line":9,"column":0},"end":{"line":9,"column":48}},"8":{"start":{"line":11,"column":0},"end":{"line":11,"column":23}}},"fnMap":{},"branchMap":{},"s":{"0":1,"1":1,"2":1,"3":1,"4":1,"5":1,"6":1,"7":1,"8":1},"f":{},"b":{},"_coverageSchema":"1a1c01bbd47fc00a2c39e90264f33305004495a9","hash":"bc8600e11996f8ae86aa0883b07edae393d24a85"}
}
