{"C:\\Users\\USER\\OneDrive\\Dokumen\\Hacktiv8\\phase 2\\week3\\Travel-AI-Project\\server\\controllers\\ProfileController.js": {"path":"C:\\Users\\USER\\OneDrive\\Dokumen\\Hacktiv8\\phase 2\\week3\\Travel-AI-Project\\server\\controllers\\ProfileController.js","statementMap":{"0":{"start":{"line":1,"column":20},"end":{"line":1,"column":40}},"1":{"start":{"line":2,"column":11},"end":{"line":2,"column":33}},"2":{"start":{"line":4,"column":0},"end":{"line":250,"column":1}},"3":{"start":{"line":7,"column":8},"end":{"line":19,"column":9}},"4":{"start":{"line":8,"column":28},"end":{"line":10,"column":14}},"5":{"start":{"line":12,"column":12},"end":{"line":14,"column":13}},"6":{"start":{"line":13,"column":16},"end":{"line":13,"column":73}},"7":{"start":{"line":16,"column":12},"end":{"line":16,"column":42}},"8":{"start":{"line":18,"column":12},"end":{"line":18,"column":24}},"9":{"start":{"line":23,"column":8},"end":{"line":58,"column":9}},"10":{"start":{"line":24,"column":51},"end":{"line":24,"column":59}},"11":{"start":{"line":26,"column":12},"end":{"line":31,"column":13}},"12":{"start":{"line":27,"column":16},"end":{"line":30,"column":18}},"13":{"start":{"line":33,"column":36},"end":{"line":35,"column":14}},"14":{"start":{"line":37,"column":12},"end":{"line":42,"column":13}},"15":{"start":{"line":38,"column":16},"end":{"line":41,"column":18}},"16":{"start":{"line":44,"column":28},"end":{"line":50,"column":14}},"17":{"start":{"line":52,"column":12},"end":{"line":55,"column":15}},"18":{"start":{"line":57,"column":12},"end":{"line":57,"column":24}},"19":{"start":{"line":62,"column":8},"end":{"line":90,"column":9}},"20":{"start":{"line":63,"column":27},"end":{"line":63,"column":37}},"21":{"start":{"line":64,"column":51},"end":{"line":64,"column":59}},"22":{"start":{"line":66,"column":33},"end":{"line":71,"column":14}},"23":{"start":{"line":73,"column":12},"end":{"line":75,"column":13}},"24":{"start":{"line":74,"column":16},"end":{"line":74,"column":73}},"25":{"start":{"line":77,"column":12},"end":{"line":82,"column":15}},"26":{"start":{"line":84,"column":12},"end":{"line":87,"column":15}},"27":{"start":{"line":89,"column":12},"end":{"line":89,"column":24}},"28":{"start":{"line":94,"column":8},"end":{"line":94,"column":44}},"29":{"start":{"line":95,"column":8},"end":{"line":95,"column":51}},"30":{"start":{"line":96,"column":8},"end":{"line":96,"column":47}},"31":{"start":{"line":97,"column":8},"end":{"line":97,"column":47}},"32":{"start":{"line":99,"column":8},"end":{"line":207,"column":9}},"33":{"start":{"line":100,"column":27},"end":{"line":100,"column":37}},"34":{"start":{"line":103,"column":12},"end":{"line":109,"column":13}},"35":{"start":{"line":104,"column":16},"end":{"line":104,"column":52}},"36":{"start":{"line":105,"column":16},"end":{"line":108,"column":18}},"37":{"start":{"line":111,"column":12},"end":{"line":116,"column":15}},"38":{"start":{"line":119,"column":33},"end":{"line":124,"column":14}},"39":{"start":{"line":126,"column":12},"end":{"line":130,"column":13}},"40":{"start":{"line":127,"column":16},"end":{"line":127,"column":53}},"41":{"start":{"line":128,"column":16},"end":{"line":128,"column":63}},"42":{"start":{"line":129,"column":16},"end":{"line":129,"column":73}},"43":{"start":{"line":132,"column":12},"end":{"line":132,"column":61}},"44":{"start":{"line":136,"column":16},"end":{"line":138,"column":49}},"45":{"start":{"line":142,"column":12},"end":{"line":182,"column":13}},"46":{"start":{"line":143,"column":16},"end":{"line":143,"column":61}},"47":{"start":{"line":145,"column":16},"end":{"line":175,"column":17}},"48":{"start":{"line":146,"column":90},"end":{"line":146,"column":122}},"49":{"start":{"line":149,"column":20},"end":{"line":155,"column":21}},"50":{"start":{"line":150,"column":24},"end":{"line":150,"column":89}},"51":{"start":{"line":151,"column":44},"end":{"line":151,"column":85}},"52":{"start":{"line":152,"column":24},"end":{"line":154,"column":25}},"53":{"start":{"line":153,"column":28},"end":{"line":153,"column":68}},"54":{"start":{"line":158,"column":20},"end":{"line":161,"column":22}},"55":{"start":{"line":163,"column":20},"end":{"line":163,"column":80}},"56":{"start":{"line":166,"column":20},"end":{"line":166,"column":67}},"57":{"start":{"line":169,"column":20},"end":{"line":169,"column":74}},"58":{"start":{"line":170,"column":20},"end":{"line":170,"column":67}},"59":{"start":{"line":171,"column":20},"end":{"line":174,"column":22}},"60":{"start":{"line":179,"column":16},"end":{"line":179,"column":81}},"61":{"start":{"line":180,"column":16},"end":{"line":180,"column":101}},"62":{"start":{"line":181,"column":16},"end":{"line":181,"column":60}},"63":{"start":{"line":185,"column":12},"end":{"line":187,"column":15}},"64":{"start":{"line":189,"column":12},"end":{"line":189,"column":58}},"65":{"start":{"line":190,"column":12},"end":{"line":190,"column":46}},"66":{"start":{"line":192,"column":12},"end":{"line":195,"column":15}},"67":{"start":{"line":198,"column":12},"end":{"line":198,"column":52}},"68":{"start":{"line":201,"column":12},"end":{"line":203,"column":13}},"69":{"start":{"line":202,"column":16},"end":{"line":202,"column":63}},"70":{"start":{"line":205,"column":12},"end":{"line":205,"column":49}},"71":{"start":{"line":206,"column":12},"end":{"line":206,"column":24}},"72":{"start":{"line":211,"column":8},"end":{"line":248,"column":9}},"73":{"start":{"line":212,"column":27},"end":{"line":212,"column":37}},"74":{"start":{"line":214,"column":33},"end":{"line":219,"column":14}},"75":{"start":{"line":221,"column":12},"end":{"line":223,"column":13}},"76":{"start":{"line":222,"column":16},"end":{"line":222,"column":73}},"77":{"start":{"line":226,"column":12},"end":{"line":239,"column":13}},"78":{"start":{"line":228,"column":20},"end":{"line":230,"column":53}},"79":{"start":{"line":232,"column":16},"end":{"line":238,"column":17}},"80":{"start":{"line":233,"column":70},"end":{"line":233,"column":102}},"81":{"start":{"line":234,"column":37},"end":{"line":234,"column":78}},"82":{"start":{"line":235,"column":20},"end":{"line":237,"column":21}},"83":{"start":{"line":236,"column":24},"end":{"line":236,"column":61}},"84":{"start":{"line":241,"column":12},"end":{"line":241,"column":41}},"85":{"start":{"line":243,"column":12},"end":{"line":245,"column":15}},"86":{"start":{"line":247,"column":12},"end":{"line":247,"column":24}}},"fnMap":{"0":{"name":"(anonymous_0)","decl":{"start":{"line":6,"column":4},"end":{"line":6,"column":5}},"loc":{"start":{"line":6,"column":44},"end":{"line":20,"column":5}},"line":6},"1":{"name":"(anonymous_1)","decl":{"start":{"line":22,"column":4},"end":{"line":22,"column":5}},"loc":{"start":{"line":22,"column":47},"end":{"line":59,"column":5}},"line":22},"2":{"name":"(anonymous_2)","decl":{"start":{"line":61,"column":4},"end":{"line":61,"column":5}},"loc":{"start":{"line":61,"column":42},"end":{"line":91,"column":5}},"line":61},"3":{"name":"(anonymous_3)","decl":{"start":{"line":93,"column":4},"end":{"line":93,"column":5}},"loc":{"start":{"line":93,"column":47},"end":{"line":208,"column":5}},"line":93},"4":{"name":"(anonymous_4)","decl":{"start":{"line":128,"column":53},"end":{"line":128,"column":54}},"loc":{"start":{"line":128,"column":59},"end":{"line":128,"column":61}},"line":128},"5":{"name":"(anonymous_5)","decl":{"start":{"line":166,"column":57},"end":{"line":166,"column":58}},"loc":{"start":{"line":166,"column":63},"end":{"line":166,"column":65}},"line":166},"6":{"name":"(anonymous_6)","decl":{"start":{"line":170,"column":57},"end":{"line":170,"column":58}},"loc":{"start":{"line":170,"column":63},"end":{"line":170,"column":65}},"line":170},"7":{"name":"(anonymous_7)","decl":{"start":{"line":202,"column":53},"end":{"line":202,"column":54}},"loc":{"start":{"line":202,"column":59},"end":{"line":202,"column":61}},"line":202},"8":{"name":"(anonymous_8)","decl":{"start":{"line":210,"column":4},"end":{"line":210,"column":5}},"loc":{"start":{"line":210,"column":47},"end":{"line":249,"column":5}},"line":210}},"branchMap":{"0":{"loc":{"start":{"line":12,"column":12},"end":{"line":14,"column":13}},"type":"if","locations":[{"start":{"line":12,"column":12},"end":{"line":14,"column":13}},{"start":{},"end":{}}],"line":12},"1":{"loc":{"start":{"line":26,"column":12},"end":{"line":31,"column":13}},"type":"if","locations":[{"start":{"line":26,"column":12},"end":{"line":31,"column":13}},{"start":{},"end":{}}],"line":26},"2":{"loc":{"start":{"line":26,"column":16},"end":{"line":26,"column":52}},"type":"binary-expr","locations":[{"start":{"line":26,"column":16},"end":{"line":26,"column":21}},{"start":{"line":26,"column":25},"end":{"line":26,"column":29}},{"start":{"line":26,"column":33},"end":{"line":26,"column":40}},{"start":{"line":26,"column":44},"end":{"line":26,"column":52}}],"line":26},"3":{"loc":{"start":{"line":37,"column":12},"end":{"line":42,"column":13}},"type":"if","locations":[{"start":{"line":37,"column":12},"end":{"line":42,"column":13}},{"start":{},"end":{}}],"line":37},"4":{"loc":{"start":{"line":73,"column":12},"end":{"line":75,"column":13}},"type":"if","locations":[{"start":{"line":73,"column":12},"end":{"line":75,"column":13}},{"start":{},"end":{}}],"line":73},"5":{"loc":{"start":{"line":78,"column":22},"end":{"line":78,"column":47}},"type":"binary-expr","locations":[{"start":{"line":78,"column":22},"end":{"line":78,"column":26}},{"start":{"line":78,"column":30},"end":{"line":78,"column":47}}],"line":78},"6":{"loc":{"start":{"line":79,"column":21},"end":{"line":79,"column":57}},"type":"cond-expr","locations":[{"start":{"line":79,"column":27},"end":{"line":79,"column":38}},{"start":{"line":79,"column":41},"end":{"line":79,"column":57}}],"line":79},"7":{"loc":{"start":{"line":80,"column":24},"end":{"line":80,"column":53}},"type":"binary-expr","locations":[{"start":{"line":80,"column":24},"end":{"line":80,"column":30}},{"start":{"line":80,"column":34},"end":{"line":80,"column":53}}],"line":80},"8":{"loc":{"start":{"line":81,"column":25},"end":{"line":81,"column":56}},"type":"binary-expr","locations":[{"start":{"line":81,"column":25},"end":{"line":81,"column":32}},{"start":{"line":81,"column":36},"end":{"line":81,"column":56}}],"line":81},"9":{"loc":{"start":{"line":103,"column":12},"end":{"line":109,"column":13}},"type":"if","locations":[{"start":{"line":103,"column":12},"end":{"line":109,"column":13}},{"start":{},"end":{}}],"line":103},"10":{"loc":{"start":{"line":126,"column":12},"end":{"line":130,"column":13}},"type":"if","locations":[{"start":{"line":126,"column":12},"end":{"line":130,"column":13}},{"start":{},"end":{}}],"line":126},"11":{"loc":{"start":{"line":136,"column":16},"end":{"line":138,"column":49}},"type":"binary-expr","locations":[{"start":{"line":136,"column":16},"end":{"line":136,"column":49}},{"start":{"line":137,"column":16},"end":{"line":137,"column":46}},{"start":{"line":138,"column":16},"end":{"line":138,"column":49}}],"line":136},"12":{"loc":{"start":{"line":142,"column":12},"end":{"line":182,"column":13}},"type":"if","locations":[{"start":{"line":142,"column":12},"end":{"line":182,"column":13}},{"start":{"line":177,"column":19},"end":{"line":182,"column":13}}],"line":142},"13":{"loc":{"start":{"line":149,"column":20},"end":{"line":155,"column":21}},"type":"if","locations":[{"start":{"line":149,"column":20},"end":{"line":155,"column":21}},{"start":{},"end":{}}],"line":149},"14":{"loc":{"start":{"line":152,"column":24},"end":{"line":154,"column":25}},"type":"if","locations":[{"start":{"line":152,"column":24},"end":{"line":154,"column":25}},{"start":{},"end":{}}],"line":152},"15":{"loc":{"start":{"line":201,"column":12},"end":{"line":203,"column":13}},"type":"if","locations":[{"start":{"line":201,"column":12},"end":{"line":203,"column":13}},{"start":{},"end":{}}],"line":201},"16":{"loc":{"start":{"line":221,"column":12},"end":{"line":223,"column":13}},"type":"if","locations":[{"start":{"line":221,"column":12},"end":{"line":223,"column":13}},{"start":{},"end":{}}],"line":221},"17":{"loc":{"start":{"line":226,"column":12},"end":{"line":239,"column":13}},"type":"if","locations":[{"start":{"line":226,"column":12},"end":{"line":239,"column":13}},{"start":{},"end":{}}],"line":226},"18":{"loc":{"start":{"line":228,"column":20},"end":{"line":230,"column":53}},"type":"binary-expr","locations":[{"start":{"line":228,"column":20},"end":{"line":228,"column":53}},{"start":{"line":229,"column":20},"end":{"line":229,"column":50}},{"start":{"line":230,"column":20},"end":{"line":230,"column":53}}],"line":228},"19":{"loc":{"start":{"line":232,"column":16},"end":{"line":238,"column":17}},"type":"if","locations":[{"start":{"line":232,"column":16},"end":{"line":238,"column":17}},{"start":{},"end":{}}],"line":232},"20":{"loc":{"start":{"line":235,"column":20},"end":{"line":237,"column":21}},"type":"if","locations":[{"start":{"line":235,"column":20},"end":{"line":237,"column":21}},{"start":{},"end":{}}],"line":235}},"s":{"0":1,"1":1,"2":1,"3":3,"4":3,"5":2,"6":1,"7":1,"8":2,"9":3,"10":3,"11":3,"12":1,"13":2,"14":2,"15":1,"16":1,"17":1,"18":2,"19":3,"20":3,"21":3,"22":3,"23":3,"24":1,"25":2,"26":2,"27":1,"28":6,"29":6,"30":6,"31":6,"32":6,"33":6,"34":6,"35":1,"36":1,"37":5,"38":5,"39":4,"40":1,"41":1,"42":1,"43":3,"44":3,"45":3,"46":2,"47":2,"48":2,"49":2,"50":1,"51":1,"52":1,"53":1,"54":2,"55":1,"56":1,"57":1,"58":1,"59":1,"60":1,"61":1,"62":1,"63":2,"64":2,"65":2,"66":2,"67":4,"68":4,"69":3,"70":4,"71":4,"72":4,"73":4,"74":4,"75":4,"76":1,"77":3,"78":1,"79":1,"80":1,"81":1,"82":1,"83":1,"84":3,"85":2,"86":2},"f":{"0":3,"1":3,"2":3,"3":6,"4":0,"5":0,"6":0,"7":0,"8":4},"b":{"0":[1,1],"1":[1,2],"2":[3,3,3,2],"3":[1,1],"4":[1,2],"5":[2,0],"6":[1,1],"7":[2,2],"8":[2,2],"9":[1,5],"10":[1,3],"11":[3,2,2],"12":[2,1],"13":[1,1],"14":[1,0],"15":[3,1],"16":[1,3],"17":[1,2],"18":[1,1,1],"19":[1,0],"20":[1,0]},"_coverageSchema":"1a1c01bbd47fc00a2c39e90264f33305004495a9","hash":"6c94b921839079b7b7d8ec435b6a3190f47f822b"}
,"C:\\Users\\USER\\OneDrive\\Dokumen\\Hacktiv8\\phase 2\\week3\\Travel-AI-Project\\server\\controllers\\TripController.js": {"path":"C:\\Users\\USER\\OneDrive\\Dokumen\\Hacktiv8\\phase 2\\week3\\Travel-AI-Project\\server\\controllers\\TripController.js","statementMap":{"0":{"start":{"line":1,"column":17},"end":{"line":1,"column":37}},"1":{"start":{"line":2,"column":31},"end":{"line":2,"column":63}},"2":{"start":{"line":5,"column":0},"end":{"line":7,"column":1}},"3":{"start":{"line":6,"column":4},"end":{"line":6,"column":74}},"4":{"start":{"line":10,"column":14},"end":{"line":10,"column":64}},"5":{"start":{"line":12,"column":0},"end":{"line":197,"column":1}},"6":{"start":{"line":15,"column":8},"end":{"line":47,"column":9}},"7":{"start":{"line":17,"column":26},"end":{"line":17,"column":86}},"8":{"start":{"line":19,"column":27},"end":{"line":33,"column":102}},"9":{"start":{"line":36,"column":27},"end":{"line":36,"column":62}},"10":{"start":{"line":37,"column":29},"end":{"line":37,"column":44}},"11":{"start":{"line":38,"column":25},"end":{"line":38,"column":40}},"12":{"start":{"line":40,"column":12},"end":{"line":40,"column":24}},"13":{"start":{"line":43,"column":12},"end":{"line":43,"column":79}},"14":{"start":{"line":46,"column":12},"end":{"line":46,"column":212}},"15":{"start":{"line":51,"column":8},"end":{"line":93,"column":9}},"16":{"start":{"line":52,"column":91},"end":{"line":52,"column":99}},"17":{"start":{"line":55,"column":12},"end":{"line":60,"column":13}},"18":{"start":{"line":56,"column":16},"end":{"line":59,"column":18}},"19":{"start":{"line":63,"column":12},"end":{"line":63,"column":59}},"20":{"start":{"line":64,"column":30},"end":{"line":70,"column":13}},"21":{"start":{"line":71,"column":12},"end":{"line":71,"column":61}},"22":{"start":{"line":74,"column":25},"end":{"line":84,"column":14}},"23":{"start":{"line":86,"column":12},"end":{"line":89,"column":15}},"24":{"start":{"line":91,"column":12},"end":{"line":91,"column":57}},"25":{"start":{"line":92,"column":12},"end":{"line":92,"column":24}},"26":{"start":{"line":97,"column":8},"end":{"line":109,"column":9}},"27":{"start":{"line":98,"column":26},"end":{"line":103,"column":14}},"28":{"start":{"line":105,"column":12},"end":{"line":105,"column":40}},"29":{"start":{"line":107,"column":12},"end":{"line":107,"column":58}},"30":{"start":{"line":108,"column":12},"end":{"line":108,"column":24}},"31":{"start":{"line":113,"column":8},"end":{"line":131,"column":9}},"32":{"start":{"line":114,"column":27},"end":{"line":114,"column":37}},"33":{"start":{"line":116,"column":25},"end":{"line":121,"column":14}},"34":{"start":{"line":123,"column":12},"end":{"line":125,"column":13}},"35":{"start":{"line":124,"column":16},"end":{"line":124,"column":84}},"36":{"start":{"line":127,"column":12},"end":{"line":127,"column":39}},"37":{"start":{"line":129,"column":12},"end":{"line":129,"column":57}},"38":{"start":{"line":130,"column":12},"end":{"line":130,"column":24}},"39":{"start":{"line":135,"column":8},"end":{"line":169,"column":9}},"40":{"start":{"line":136,"column":27},"end":{"line":136,"column":37}},"41":{"start":{"line":138,"column":30},"end":{"line":143,"column":14}},"42":{"start":{"line":145,"column":12},"end":{"line":147,"column":13}},"43":{"start":{"line":146,"column":16},"end":{"line":146,"column":84}},"44":{"start":{"line":149,"column":91},"end":{"line":149,"column":99}},"45":{"start":{"line":152,"column":12},"end":{"line":160,"column":15}},"46":{"start":{"line":162,"column":12},"end":{"line":165,"column":15}},"47":{"start":{"line":167,"column":12},"end":{"line":167,"column":57}},"48":{"start":{"line":168,"column":12},"end":{"line":168,"column":24}},"49":{"start":{"line":173,"column":8},"end":{"line":195,"column":9}},"50":{"start":{"line":174,"column":27},"end":{"line":174,"column":37}},"51":{"start":{"line":176,"column":30},"end":{"line":181,"column":14}},"52":{"start":{"line":183,"column":12},"end":{"line":185,"column":13}},"53":{"start":{"line":184,"column":16},"end":{"line":184,"column":84}},"54":{"start":{"line":187,"column":12},"end":{"line":187,"column":38}},"55":{"start":{"line":189,"column":12},"end":{"line":191,"column":15}},"56":{"start":{"line":193,"column":12},"end":{"line":193,"column":57}},"57":{"start":{"line":194,"column":12},"end":{"line":194,"column":24}}},"fnMap":{"0":{"name":"(anonymous_0)","decl":{"start":{"line":14,"column":4},"end":{"line":14,"column":5}},"loc":{"start":{"line":14,"column":88},"end":{"line":48,"column":5}},"line":14},"1":{"name":"(anonymous_1)","decl":{"start":{"line":50,"column":4},"end":{"line":50,"column":5}},"loc":{"start":{"line":50,"column":44},"end":{"line":94,"column":5}},"line":50},"2":{"name":"(anonymous_2)","decl":{"start":{"line":96,"column":4},"end":{"line":96,"column":5}},"loc":{"start":{"line":96,"column":44},"end":{"line":110,"column":5}},"line":96},"3":{"name":"(anonymous_3)","decl":{"start":{"line":112,"column":4},"end":{"line":112,"column":5}},"loc":{"start":{"line":112,"column":45},"end":{"line":132,"column":5}},"line":112},"4":{"name":"(anonymous_4)","decl":{"start":{"line":134,"column":4},"end":{"line":134,"column":5}},"loc":{"start":{"line":134,"column":42},"end":{"line":170,"column":5}},"line":134},"5":{"name":"(anonymous_5)","decl":{"start":{"line":172,"column":4},"end":{"line":172,"column":5}},"loc":{"start":{"line":172,"column":44},"end":{"line":196,"column":5}},"line":172}},"branchMap":{"0":{"loc":{"start":{"line":5,"column":0},"end":{"line":7,"column":1}},"type":"if","locations":[{"start":{"line":5,"column":0},"end":{"line":7,"column":1}},{"start":{},"end":{}}],"line":5},"1":{"loc":{"start":{"line":55,"column":12},"end":{"line":60,"column":13}},"type":"if","locations":[{"start":{"line":55,"column":12},"end":{"line":60,"column":13}},{"start":{},"end":{}}],"line":55},"2":{"loc":{"start":{"line":55,"column":16},"end":{"line":55,"column":90}},"type":"binary-expr","locations":[{"start":{"line":55,"column":16},"end":{"line":55,"column":22}},{"start":{"line":55,"column":26},"end":{"line":55,"column":34}},{"start":{"line":55,"column":38},"end":{"line":55,"column":43}},{"start":{"line":55,"column":47},"end":{"line":55,"column":56}},{"start":{"line":55,"column":60},"end":{"line":55,"column":72}},{"start":{"line":55,"column":76},"end":{"line":55,"column":90}}],"line":55},"3":{"loc":{"start":{"line":82,"column":24},"end":{"line":82,"column":41}},"type":"binary-expr","locations":[{"start":{"line":82,"column":24},"end":{"line":82,"column":30}},{"start":{"line":82,"column":34},"end":{"line":82,"column":41}}],"line":82},"4":{"loc":{"start":{"line":123,"column":12},"end":{"line":125,"column":13}},"type":"if","locations":[{"start":{"line":123,"column":12},"end":{"line":125,"column":13}},{"start":{},"end":{}}],"line":123},"5":{"loc":{"start":{"line":145,"column":12},"end":{"line":147,"column":13}},"type":"if","locations":[{"start":{"line":145,"column":12},"end":{"line":147,"column":13}},{"start":{},"end":{}}],"line":145},"6":{"loc":{"start":{"line":153,"column":23},"end":{"line":153,"column":47}},"type":"binary-expr","locations":[{"start":{"line":153,"column":23},"end":{"line":153,"column":28}},{"start":{"line":153,"column":32},"end":{"line":153,"column":47}}],"line":153},"7":{"loc":{"start":{"line":154,"column":25},"end":{"line":154,"column":53}},"type":"binary-expr","locations":[{"start":{"line":154,"column":25},"end":{"line":154,"column":32}},{"start":{"line":154,"column":36},"end":{"line":154,"column":53}}],"line":154},"8":{"loc":{"start":{"line":155,"column":22},"end":{"line":155,"column":44}},"type":"binary-expr","locations":[{"start":{"line":155,"column":22},"end":{"line":155,"column":26}},{"start":{"line":155,"column":30},"end":{"line":155,"column":44}}],"line":155},"9":{"loc":{"start":{"line":156,"column":26},"end":{"line":156,"column":74}},"type":"cond-expr","locations":[{"start":{"line":156,"column":37},"end":{"line":156,"column":53}},{"start":{"line":156,"column":56},"end":{"line":156,"column":74}}],"line":156},"10":{"loc":{"start":{"line":157,"column":29},"end":{"line":157,"column":65}},"type":"binary-expr","locations":[{"start":{"line":157,"column":29},"end":{"line":157,"column":40}},{"start":{"line":157,"column":44},"end":{"line":157,"column":65}}],"line":157},"11":{"loc":{"start":{"line":158,"column":31},"end":{"line":158,"column":71}},"type":"binary-expr","locations":[{"start":{"line":158,"column":31},"end":{"line":158,"column":44}},{"start":{"line":158,"column":48},"end":{"line":158,"column":71}}],"line":158},"12":{"loc":{"start":{"line":159,"column":24},"end":{"line":159,"column":50}},"type":"binary-expr","locations":[{"start":{"line":159,"column":24},"end":{"line":159,"column":30}},{"start":{"line":159,"column":34},"end":{"line":159,"column":50}}],"line":159},"13":{"loc":{"start":{"line":183,"column":12},"end":{"line":185,"column":13}},"type":"if","locations":[{"start":{"line":183,"column":12},"end":{"line":185,"column":13}},{"start":{},"end":{}}],"line":183}},"s":{"0":1,"1":1,"2":1,"3":0,"4":1,"5":1,"6":5,"7":5,"8":5,"9":5,"10":4,"11":4,"12":4,"13":1,"14":1,"15":5,"16":5,"17":5,"18":2,"19":3,"20":3,"21":3,"22":3,"23":2,"24":3,"25":3,"26":3,"27":3,"28":2,"29":1,"30":1,"31":3,"32":3,"33":3,"34":2,"35":1,"36":1,"37":2,"38":2,"39":4,"40":4,"41":4,"42":3,"43":1,"44":2,"45":2,"46":2,"47":2,"48":2,"49":3,"50":3,"51":3,"52":2,"53":1,"54":1,"55":1,"56":2,"57":2},"f":{"0":5,"1":5,"2":3,"3":3,"4":4,"5":3},"b":{"0":[0,1],"1":[2,3],"2":[5,4,3,3,3,3],"3":[3,2],"4":[1,1],"5":[1,2],"6":[2,1],"7":[2,2],"8":[2,2],"9":[1,1],"10":[2,2],"11":[2,2],"12":[2,2],"13":[1,1]},"_coverageSchema":"1a1c01bbd47fc00a2c39e90264f33305004495a9","hash":"a65f924ec244049af90d7028cb22a2c0a324dba6"}
,"C:\\Users\\USER\\OneDrive\\Dokumen\\Hacktiv8\\phase 2\\week3\\Travel-AI-Project\\server\\controllers\\UserController.js": {"path":"C:\\Users\\USER\\OneDrive\\Dokumen\\Hacktiv8\\phase 2\\week3\\Travel-AI-Project\\server\\controllers\\UserController.js","statementMap":{"0":{"start":{"line":1,"column":0},"end":{"line":1,"column":27}},"1":{"start":{"line":2,"column":17},"end":{"line":2,"column":37}},"2":{"start":{"line":3,"column":28},"end":{"line":3,"column":56}},"3":{"start":{"line":4,"column":22},"end":{"line":4,"column":47}},"4":{"start":{"line":5,"column":25},"end":{"line":5,"column":55}},"5":{"start":{"line":7,"column":0},"end":{"line":112,"column":1}},"6":{"start":{"line":10,"column":8},"end":{"line":19,"column":9}},"7":{"start":{"line":11,"column":40},"end":{"line":11,"column":48}},"8":{"start":{"line":12,"column":25},"end":{"line":12,"column":63}},"9":{"start":{"line":13,"column":12},"end":{"line":15,"column":14}},"10":{"start":{"line":17,"column":12},"end":{"line":17,"column":31}},"11":{"start":{"line":18,"column":12},"end":{"line":18,"column":23}},"12":{"start":{"line":23,"column":8},"end":{"line":59,"column":9}},"13":{"start":{"line":24,"column":40},"end":{"line":24,"column":48}},"14":{"start":{"line":26,"column":12},"end":{"line":28,"column":13}},"15":{"start":{"line":27,"column":16},"end":{"line":27,"column":74}},"16":{"start":{"line":30,"column":12},"end":{"line":32,"column":13}},"17":{"start":{"line":31,"column":16},"end":{"line":31,"column":77}},"18":{"start":{"line":34,"column":25},"end":{"line":36,"column":14}},"19":{"start":{"line":38,"column":12},"end":{"line":40,"column":13}},"20":{"start":{"line":39,"column":16},"end":{"line":39,"column":81}},"21":{"start":{"line":42,"column":36},"end":{"line":42,"column":76}},"22":{"start":{"line":43,"column":12},"end":{"line":45,"column":13}},"23":{"start":{"line":44,"column":16},"end":{"line":44,"column":81}},"24":{"start":{"line":47,"column":33},"end":{"line":47,"column":59}},"25":{"start":{"line":49,"column":12},"end":{"line":55,"column":14}},"26":{"start":{"line":57,"column":12},"end":{"line":57,"column":31}},"27":{"start":{"line":58,"column":12},"end":{"line":58,"column":23}},"28":{"start":{"line":63,"column":8},"end":{"line":110,"column":9}},"29":{"start":{"line":64,"column":30},"end":{"line":64,"column":41}},"30":{"start":{"line":66,"column":12},"end":{"line":68,"column":13}},"31":{"start":{"line":67,"column":16},"end":{"line":67,"column":74}},"32":{"start":{"line":70,"column":27},"end":{"line":70,"column":45}},"33":{"start":{"line":72,"column":27},"end":{"line":75,"column":14}},"34":{"start":{"line":77,"column":29},"end":{"line":77,"column":48}},"35":{"start":{"line":78,"column":12},"end":{"line":78,"column":53}},"36":{"start":{"line":80,"column":12},"end":{"line":82,"column":13}},"37":{"start":{"line":81,"column":16},"end":{"line":81,"column":77}},"38":{"start":{"line":84,"column":36},"end":{"line":93,"column":14}},"39":{"start":{"line":95,"column":33},"end":{"line":97,"column":14}},"40":{"start":{"line":99,"column":12},"end":{"line":106,"column":15}},"41":{"start":{"line":108,"column":12},"end":{"line":108,"column":52}},"42":{"start":{"line":109,"column":12},"end":{"line":109,"column":21}}},"fnMap":{"0":{"name":"(anonymous_0)","decl":{"start":{"line":9,"column":4},"end":{"line":9,"column":5}},"loc":{"start":{"line":9,"column":42},"end":{"line":20,"column":5}},"line":9},"1":{"name":"(anonymous_1)","decl":{"start":{"line":22,"column":4},"end":{"line":22,"column":5}},"loc":{"start":{"line":22,"column":39},"end":{"line":60,"column":5}},"line":22},"2":{"name":"(anonymous_2)","decl":{"start":{"line":62,"column":4},"end":{"line":62,"column":5}},"loc":{"start":{"line":62,"column":45},"end":{"line":111,"column":5}},"line":62}},"branchMap":{"0":{"loc":{"start":{"line":26,"column":12},"end":{"line":28,"column":13}},"type":"if","locations":[{"start":{"line":26,"column":12},"end":{"line":28,"column":13}},{"start":{},"end":{}}],"line":26},"1":{"loc":{"start":{"line":30,"column":12},"end":{"line":32,"column":13}},"type":"if","locations":[{"start":{"line":30,"column":12},"end":{"line":32,"column":13}},{"start":{},"end":{}}],"line":30},"2":{"loc":{"start":{"line":38,"column":12},"end":{"line":40,"column":13}},"type":"if","locations":[{"start":{"line":38,"column":12},"end":{"line":40,"column":13}},{"start":{},"end":{}}],"line":38},"3":{"loc":{"start":{"line":43,"column":12},"end":{"line":45,"column":13}},"type":"if","locations":[{"start":{"line":43,"column":12},"end":{"line":45,"column":13}},{"start":{},"end":{}}],"line":43},"4":{"loc":{"start":{"line":66,"column":12},"end":{"line":68,"column":13}},"type":"if","locations":[{"start":{"line":66,"column":12},"end":{"line":68,"column":13}},{"start":{},"end":{}}],"line":66},"5":{"loc":{"start":{"line":80,"column":12},"end":{"line":82,"column":13}},"type":"if","locations":[{"start":{"line":80,"column":12},"end":{"line":82,"column":13}},{"start":{},"end":{}}],"line":80}},"s":{"0":1,"1":1,"2":1,"3":1,"4":1,"5":1,"6":2,"7":2,"8":2,"9":1,"10":1,"11":1,"12":5,"13":5,"14":5,"15":1,"16":4,"17":1,"18":3,"19":3,"20":1,"21":2,"22":2,"23":1,"24":1,"25":1,"26":4,"27":4,"28":5,"29":5,"30":5,"31":1,"32":4,"33":4,"34":3,"35":3,"36":3,"37":1,"38":2,"39":2,"40":2,"41":3,"42":3},"f":{"0":2,"1":5,"2":5},"b":{"0":[1,4],"1":[1,3],"2":[1,2],"3":[1,1],"4":[1,4],"5":[1,2]},"_coverageSchema":"1a1c01bbd47fc00a2c39e90264f33305004495a9","hash":"310509d9da71e9dfd54f941142265347b93943a8"}
,"C:\\Users\\USER\\OneDrive\\Dokumen\\Hacktiv8\\phase 2\\week3\\Travel-AI-Project\\server\\helpers\\bcrypt.js": {"path":"C:\\Users\\USER\\OneDrive\\Dokumen\\Hacktiv8\\phase 2\\week3\\Travel-AI-Project\\server\\helpers\\bcrypt.js","statementMap":{"0":{"start":{"line":1,"column":15},"end":{"line":1,"column":32}},"1":{"start":{"line":2,"column":21},"end":{"line":5,"column":1}},"2":{"start":{"line":3,"column":15},"end":{"line":3,"column":37}},"3":{"start":{"line":4,"column":2},"end":{"line":4,"column":40}},"4":{"start":{"line":7,"column":24},"end":{"line":9,"column":1}},"5":{"start":{"line":8,"column":2},"end":{"line":8,"column":53}},"6":{"start":{"line":11,"column":0},"end":{"line":14,"column":1}}},"fnMap":{"0":{"name":"(anonymous_0)","decl":{"start":{"line":2,"column":21},"end":{"line":2,"column":22}},"loc":{"start":{"line":2,"column":35},"end":{"line":5,"column":1}},"line":2},"1":{"name":"(anonymous_1)","decl":{"start":{"line":7,"column":24},"end":{"line":7,"column":25}},"loc":{"start":{"line":7,"column":54},"end":{"line":9,"column":1}},"line":7}},"branchMap":{},"s":{"0":3,"1":3,"2":0,"3":0,"4":3,"5":0,"6":3},"f":{"0":0,"1":0},"b":{},"_coverageSchema":"1a1c01bbd47fc00a2c39e90264f33305004495a9","hash":"b8524a809a0e1ff51778e4d77752af8dad3d60ff"}
,"C:\\Users\\USER\\OneDrive\\Dokumen\\Hacktiv8\\phase 2\\week3\\Travel-AI-Project\\server\\helpers\\cloudinary.js": {"path":"C:\\Users\\USER\\OneDrive\\Dokumen\\Hacktiv8\\phase 2\\week3\\Travel-AI-Project\\server\\helpers\\cloudinary.js","statementMap":{"0":{"start":{"line":1,"column":19},"end":{"line":1,"column":43}},"1":{"start":{"line":4,"column":0},"end":{"line":8,"column":3}},"2":{"start":{"line":17,"column":17},"end":{"line":24,"column":4}},"3":{"start":{"line":25,"column":2},"end":{"line":25,"column":27}},"4":{"start":{"line":33,"column":2},"end":{"line":38,"column":3}},"5":{"start":{"line":34,"column":4},"end":{"line":34,"column":48}},"6":{"start":{"line":37,"column":4},"end":{"line":37,"column":61}},"7":{"start":{"line":47,"column":2},"end":{"line":47,"column":24}},"8":{"start":{"line":47,"column":12},"end":{"line":47,"column":24}},"9":{"start":{"line":50,"column":16},"end":{"line":50,"column":51}},"10":{"start":{"line":51,"column":16},"end":{"line":51,"column":32}},"11":{"start":{"line":53,"column":2},"end":{"line":53,"column":33}},"12":{"start":{"line":56,"column":0},"end":{"line":60,"column":2}}},"fnMap":{"0":{"name":"uploadToCloudinary","decl":{"start":{"line":16,"column":15},"end":{"line":16,"column":33}},"loc":{"start":{"line":16,"column":75},"end":{"line":26,"column":1}},"line":16},"1":{"name":"deleteFromCloudinary","decl":{"start":{"line":32,"column":15},"end":{"line":32,"column":35}},"loc":{"start":{"line":32,"column":46},"end":{"line":39,"column":1}},"line":32},"2":{"name":"extractPublicId","decl":{"start":{"line":46,"column":9},"end":{"line":46,"column":24}},"loc":{"start":{"line":46,"column":30},"end":{"line":54,"column":1}},"line":46}},"branchMap":{"0":{"loc":{"start":{"line":16,"column":44},"end":{"line":16,"column":73}},"type":"default-arg","locations":[{"start":{"line":16,"column":53},"end":{"line":16,"column":73}}],"line":16},"1":{"loc":{"start":{"line":47,"column":2},"end":{"line":47,"column":24}},"type":"if","locations":[{"start":{"line":47,"column":2},"end":{"line":47,"column":24}},{"start":{},"end":{}}],"line":47},"2":{"loc":{"start":{"line":53,"column":9},"end":{"line":53,"column":32}},"type":"cond-expr","locations":[{"start":{"line":53,"column":17},"end":{"line":53,"column":25}},{"start":{"line":53,"column":28},"end":{"line":53,"column":32}}],"line":53}},"s":{"0":0,"1":0,"2":0,"3":0,"4":0,"5":0,"6":0,"7":0,"8":0,"9":0,"10":0,"11":0,"12":0},"f":{"0":0,"1":0,"2":0},"b":{"0":[0],"1":[0,0],"2":[0,0]}}
,"C:\\Users\\USER\\OneDrive\\Dokumen\\Hacktiv8\\phase 2\\week3\\Travel-AI-Project\\server\\helpers\\jwt.js": {"path":"C:\\Users\\USER\\OneDrive\\Dokumen\\Hacktiv8\\phase 2\\week3\\Travel-AI-Project\\server\\helpers\\jwt.js","statementMap":{"0":{"start":{"line":1,"column":12},"end":{"line":1,"column":35}},"1":{"start":{"line":3,"column":18},"end":{"line":3,"column":40}},"2":{"start":{"line":5,"column":18},"end":{"line":7,"column":1}},"3":{"start":{"line":6,"column":2},"end":{"line":6,"column":38}},"4":{"start":{"line":9,"column":20},"end":{"line":11,"column":1}},"5":{"start":{"line":10,"column":2},"end":{"line":10,"column":38}},"6":{"start":{"line":13,"column":0},"end":{"line":15,"column":1}}},"fnMap":{"0":{"name":"(anonymous_0)","decl":{"start":{"line":5,"column":18},"end":{"line":5,"column":19}},"loc":{"start":{"line":5,"column":31},"end":{"line":7,"column":1}},"line":5},"1":{"name":"(anonymous_1)","decl":{"start":{"line":9,"column":20},"end":{"line":9,"column":21}},"loc":{"start":{"line":9,"column":31},"end":{"line":11,"column":1}},"line":9}},"branchMap":{},"s":{"0":1,"1":1,"2":1,"3":0,"4":1,"5":0,"6":1},"f":{"0":0,"1":0},"b":{},"_coverageSchema":"1a1c01bbd47fc00a2c39e90264f33305004495a9","hash":"fa9ff573aba9a3d76cc28d728f68f6475b0c2755"}
,"C:\\Users\\USER\\OneDrive\\Dokumen\\Hacktiv8\\phase 2\\week3\\Travel-AI-Project\\server\\helpers\\upload.js": {"path":"C:\\Users\\USER\\OneDrive\\Dokumen\\Hacktiv8\\phase 2\\week3\\Travel-AI-Project\\server\\helpers\\upload.js","statementMap":{"0":{"start":{"line":1,"column":15},"end":{"line":1,"column":32}},"1":{"start":{"line":2,"column":13},"end":{"line":2,"column":28}},"2":{"start":{"line":5,"column":16},"end":{"line":13,"column":2}},"3":{"start":{"line":7,"column":4},"end":{"line":7,"column":25}},"4":{"start":{"line":10,"column":25},"end":{"line":10,"column":75}},"5":{"start":{"line":11,"column":4},"end":{"line":11,"column":84}},"6":{"start":{"line":16,"column":19},"end":{"line":26,"column":1}},"7":{"start":{"line":17,"column":23},"end":{"line":17,"column":46}},"8":{"start":{"line":18,"column":18},"end":{"line":18,"column":82}},"9":{"start":{"line":19,"column":19},"end":{"line":19,"column":51}},"10":{"start":{"line":21,"column":2},"end":{"line":25,"column":3}},"11":{"start":{"line":22,"column":4},"end":{"line":22,"column":26}},"12":{"start":{"line":24,"column":4},"end":{"line":24,"column":78}},"13":{"start":{"line":29,"column":15},"end":{"line":35,"column":2}},"14":{"start":{"line":37,"column":0},"end":{"line":37,"column":24}}},"fnMap":{"0":{"name":"(anonymous_0)","decl":{"start":{"line":6,"column":15},"end":{"line":6,"column":16}},"loc":{"start":{"line":6,"column":40},"end":{"line":8,"column":3}},"line":6},"1":{"name":"(anonymous_1)","decl":{"start":{"line":9,"column":12},"end":{"line":9,"column":13}},"loc":{"start":{"line":9,"column":37},"end":{"line":12,"column":3}},"line":9},"2":{"name":"(anonymous_2)","decl":{"start":{"line":16,"column":19},"end":{"line":16,"column":20}},"loc":{"start":{"line":16,"column":38},"end":{"line":26,"column":1}},"line":16}},"branchMap":{"0":{"loc":{"start":{"line":21,"column":2},"end":{"line":25,"column":3}},"type":"if","locations":[{"start":{"line":21,"column":2},"end":{"line":25,"column":3}},{"start":{"line":23,"column":9},"end":{"line":25,"column":3}}],"line":21},"1":{"loc":{"start":{"line":21,"column":6},"end":{"line":21,"column":25}},"type":"binary-expr","locations":[{"start":{"line":21,"column":6},"end":{"line":21,"column":14}},{"start":{"line":21,"column":18},"end":{"line":21,"column":25}}],"line":21}},"s":{"0":0,"1":0,"2":0,"3":0,"4":0,"5":0,"6":0,"7":0,"8":0,"9":0,"10":0,"11":0,"12":0,"13":0,"14":0},"f":{"0":0,"1":0,"2":0},"b":{"0":[0,0],"1":[0,0]}}
,"C:\\Users\\USER\\OneDrive\\Dokumen\\Hacktiv8\\phase 2\\week3\\Travel-AI-Project\\server\\middlewares\\authentication.js": {"path":"C:\\Users\\USER\\OneDrive\\Dokumen\\Hacktiv8\\phase 2\\week3\\Travel-AI-Project\\server\\middlewares\\authentication.js","statementMap":{"0":{"start":{"line":1,"column":17},"end":{"line":1,"column":37}},"1":{"start":{"line":2,"column":24},"end":{"line":2,"column":49}},"2":{"start":{"line":4,"column":0},"end":{"line":45,"column":1}},"3":{"start":{"line":5,"column":2},"end":{"line":44,"column":3}},"4":{"start":{"line":6,"column":4},"end":{"line":6,"column":28}},"5":{"start":{"line":9,"column":30},"end":{"line":9,"column":41}},"6":{"start":{"line":12,"column":4},"end":{"line":12,"column":80}},"7":{"start":{"line":12,"column":24},"end":{"line":12,"column":80}},"8":{"start":{"line":15,"column":21},"end":{"line":15,"column":45}},"9":{"start":{"line":16,"column":22},"end":{"line":16,"column":33}},"10":{"start":{"line":17,"column":23},"end":{"line":17,"column":34}},"11":{"start":{"line":20,"column":4},"end":{"line":22,"column":5}},"12":{"start":{"line":21,"column":6},"end":{"line":21,"column":62}},"13":{"start":{"line":25,"column":19},"end":{"line":25,"column":42}},"14":{"start":{"line":28,"column":17},"end":{"line":28,"column":47}},"15":{"start":{"line":29,"column":4},"end":{"line":31,"column":5}},"16":{"start":{"line":30,"column":6},"end":{"line":30,"column":62}},"17":{"start":{"line":34,"column":4},"end":{"line":37,"column":5}},"18":{"start":{"line":39,"column":4},"end":{"line":39,"column":10}},"19":{"start":{"line":41,"column":4},"end":{"line":41,"column":36}},"20":{"start":{"line":43,"column":4},"end":{"line":43,"column":15}}},"fnMap":{"0":{"name":"authMiddleware","decl":{"start":{"line":4,"column":32},"end":{"line":4,"column":46}},"loc":{"start":{"line":4,"column":63},"end":{"line":45,"column":1}},"line":4}},"branchMap":{"0":{"loc":{"start":{"line":12,"column":4},"end":{"line":12,"column":80}},"type":"if","locations":[{"start":{"line":12,"column":4},"end":{"line":12,"column":80}},{"start":{},"end":{}}],"line":12},"1":{"loc":{"start":{"line":20,"column":4},"end":{"line":22,"column":5}},"type":"if","locations":[{"start":{"line":20,"column":4},"end":{"line":22,"column":5}},{"start":{},"end":{}}],"line":20},"2":{"loc":{"start":{"line":20,"column":8},"end":{"line":20,"column":45}},"type":"binary-expr","locations":[{"start":{"line":20,"column":8},"end":{"line":20,"column":30}},{"start":{"line":20,"column":34},"end":{"line":20,"column":45}}],"line":20},"3":{"loc":{"start":{"line":29,"column":4},"end":{"line":31,"column":5}},"type":"if","locations":[{"start":{"line":29,"column":4},"end":{"line":31,"column":5}},{"start":{},"end":{}}],"line":29}},"s":{"0":0,"1":0,"2":0,"3":0,"4":0,"5":0,"6":0,"7":0,"8":0,"9":0,"10":0,"11":0,"12":0,"13":0,"14":0,"15":0,"16":0,"17":0,"18":0,"19":0,"20":0},"f":{"0":0},"b":{"0":[0,0],"1":[0,0],"2":[0,0],"3":[0,0]}}
,"C:\\Users\\USER\\OneDrive\\Dokumen\\Hacktiv8\\phase 2\\week3\\Travel-AI-Project\\server\\middlewares\\errorHandler.js": {"path":"C:\\Users\\USER\\OneDrive\\Dokumen\\Hacktiv8\\phase 2\\week3\\Travel-AI-Project\\server\\middlewares\\errorHandler.js","statementMap":{"0":{"start":{"line":1,"column":0},"end":{"line":59,"column":2}},"1":{"start":{"line":2,"column":21},"end":{"line":2,"column":24}},"2":{"start":{"line":3,"column":18},"end":{"line":3,"column":41}},"3":{"start":{"line":5,"column":4},"end":{"line":9,"column":7}},"4":{"start":{"line":11,"column":4},"end":{"line":56,"column":5}},"5":{"start":{"line":14,"column":12},"end":{"line":14,"column":29}},"6":{"start":{"line":15,"column":12},"end":{"line":15,"column":64}},"7":{"start":{"line":15,"column":42},"end":{"line":15,"column":51}},"8":{"start":{"line":16,"column":12},"end":{"line":16,"column":18}},"9":{"start":{"line":19,"column":12},"end":{"line":19,"column":29}},"10":{"start":{"line":20,"column":12},"end":{"line":20,"column":51}},"11":{"start":{"line":21,"column":12},"end":{"line":21,"column":18}},"12":{"start":{"line":25,"column":12},"end":{"line":25,"column":29}},"13":{"start":{"line":26,"column":12},"end":{"line":26,"column":52}},"14":{"start":{"line":27,"column":12},"end":{"line":27,"column":18}},"15":{"start":{"line":30,"column":12},"end":{"line":30,"column":29}},"16":{"start":{"line":31,"column":12},"end":{"line":31,"column":49}},"17":{"start":{"line":32,"column":12},"end":{"line":32,"column":18}},"18":{"start":{"line":35,"column":12},"end":{"line":35,"column":29}},"19":{"start":{"line":36,"column":12},"end":{"line":36,"column":49}},"20":{"start":{"line":37,"column":12},"end":{"line":37,"column":18}},"21":{"start":{"line":41,"column":12},"end":{"line":41,"column":29}},"22":{"start":{"line":42,"column":12},"end":{"line":48,"column":13}},"23":{"start":{"line":43,"column":16},"end":{"line":43,"column":64}},"24":{"start":{"line":44,"column":19},"end":{"line":48,"column":13}},"25":{"start":{"line":45,"column":16},"end":{"line":45,"column":45}},"26":{"start":{"line":47,"column":16},"end":{"line":47,"column":38}},"27":{"start":{"line":49,"column":12},"end":{"line":49,"column":18}},"28":{"start":{"line":53,"column":12},"end":{"line":53,"column":51}},"29":{"start":{"line":54,"column":12},"end":{"line":54,"column":29}},"30":{"start":{"line":55,"column":12},"end":{"line":55,"column":61}},"31":{"start":{"line":58,"column":4},"end":{"line":58,"column":45}}},"fnMap":{"0":{"name":"(anonymous_0)","decl":{"start":{"line":1,"column":17},"end":{"line":1,"column":18}},"loc":{"start":{"line":1,"column":42},"end":{"line":59,"column":1}},"line":1},"1":{"name":"(anonymous_1)","decl":{"start":{"line":15,"column":37},"end":{"line":15,"column":38}},"loc":{"start":{"line":15,"column":42},"end":{"line":15,"column":51}},"line":15}},"branchMap":{"0":{"loc":{"start":{"line":11,"column":4},"end":{"line":56,"column":5}},"type":"switch","locations":[{"start":{"line":12,"column":8},"end":{"line":12,"column":40}},{"start":{"line":13,"column":8},"end":{"line":16,"column":18}},{"start":{"line":18,"column":8},"end":{"line":21,"column":18}},{"start":{"line":23,"column":8},"end":{"line":23,"column":28}},{"start":{"line":24,"column":8},"end":{"line":27,"column":18}},{"start":{"line":29,"column":8},"end":{"line":32,"column":18}},{"start":{"line":34,"column":8},"end":{"line":37,"column":18}},{"start":{"line":40,"column":8},"end":{"line":49,"column":18}},{"start":{"line":51,"column":8},"end":{"line":55,"column":61}}],"line":11},"1":{"loc":{"start":{"line":20,"column":22},"end":{"line":20,"column":50}},"type":"binary-expr","locations":[{"start":{"line":20,"column":22},"end":{"line":20,"column":33}},{"start":{"line":20,"column":37},"end":{"line":20,"column":50}}],"line":20},"2":{"loc":{"start":{"line":26,"column":22},"end":{"line":26,"column":51}},"type":"binary-expr","locations":[{"start":{"line":26,"column":22},"end":{"line":26,"column":33}},{"start":{"line":26,"column":37},"end":{"line":26,"column":51}}],"line":26},"3":{"loc":{"start":{"line":31,"column":22},"end":{"line":31,"column":48}},"type":"binary-expr","locations":[{"start":{"line":31,"column":22},"end":{"line":31,"column":33}},{"start":{"line":31,"column":37},"end":{"line":31,"column":48}}],"line":31},"4":{"loc":{"start":{"line":36,"column":22},"end":{"line":36,"column":48}},"type":"binary-expr","locations":[{"start":{"line":36,"column":22},"end":{"line":36,"column":33}},{"start":{"line":36,"column":37},"end":{"line":36,"column":48}}],"line":36},"5":{"loc":{"start":{"line":42,"column":12},"end":{"line":48,"column":13}},"type":"if","locations":[{"start":{"line":42,"column":12},"end":{"line":48,"column":13}},{"start":{"line":44,"column":19},"end":{"line":48,"column":13}}],"line":42},"6":{"loc":{"start":{"line":44,"column":19},"end":{"line":48,"column":13}},"type":"if","locations":[{"start":{"line":44,"column":19},"end":{"line":48,"column":13}},{"start":{"line":46,"column":19},"end":{"line":48,"column":13}}],"line":44},"7":{"loc":{"start":{"line":55,"column":22},"end":{"line":55,"column":60}},"type":"binary-expr","locations":[{"start":{"line":55,"column":22},"end":{"line":55,"column":33}},{"start":{"line":55,"column":37},"end":{"line":55,"column":60}}],"line":55}},"s":{"0":0,"1":0,"2":0,"3":0,"4":0,"5":0,"6":0,"7":0,"8":0,"9":0,"10":0,"11":0,"12":0,"13":0,"14":0,"15":0,"16":0,"17":0,"18":0,"19":0,"20":0,"21":0,"22":0,"23":0,"24":0,"25":0,"26":0,"27":0,"28":0,"29":0,"30":0,"31":0},"f":{"0":0,"1":0},"b":{"0":[0,0,0,0,0,0,0,0,0],"1":[0,0],"2":[0,0],"3":[0,0],"4":[0,0],"5":[0,0],"6":[0,0],"7":[0,0]}}
,"C:\\Users\\USER\\OneDrive\\Dokumen\\Hacktiv8\\phase 2\\week3\\Travel-AI-Project\\server\\models\\index.js": {"path":"C:\\Users\\USER\\OneDrive\\Dokumen\\Hacktiv8\\phase 2\\week3\\Travel-AI-Project\\server\\models\\index.js","statementMap":{"0":{"start":{"line":3,"column":11},"end":{"line":3,"column":24}},"1":{"start":{"line":4,"column":13},"end":{"line":4,"column":28}},"2":{"start":{"line":5,"column":18},"end":{"line":5,"column":38}},"3":{"start":{"line":6,"column":16},"end":{"line":6,"column":34}},"4":{"start":{"line":7,"column":17},"end":{"line":7,"column":42}},"5":{"start":{"line":8,"column":12},"end":{"line":8,"column":49}},"6":{"start":{"line":9,"column":15},"end":{"line":9,"column":65}},"7":{"start":{"line":10,"column":11},"end":{"line":10,"column":13}},"8":{"start":{"line":13,"column":0},"end":{"line":17,"column":1}},"9":{"start":{"line":14,"column":2},"end":{"line":14,"column":74}},"10":{"start":{"line":16,"column":2},"end":{"line":16,"column":87}},"11":{"start":{"line":19,"column":0},"end":{"line":32,"column":5}},"12":{"start":{"line":22,"column":4},"end":{"line":27,"column":6}},"13":{"start":{"line":30,"column":18},"end":{"line":30,"column":85}},"14":{"start":{"line":31,"column":4},"end":{"line":31,"column":27}},"15":{"start":{"line":34,"column":0},"end":{"line":38,"column":3}},"16":{"start":{"line":35,"column":2},"end":{"line":37,"column":3}},"17":{"start":{"line":36,"column":4},"end":{"line":36,"column":32}},"18":{"start":{"line":40,"column":0},"end":{"line":40,"column":25}},"19":{"start":{"line":41,"column":0},"end":{"line":41,"column":25}},"20":{"start":{"line":43,"column":0},"end":{"line":43,"column":20}}},"fnMap":{"0":{"name":"(anonymous_0)","decl":{"start":{"line":21,"column":10},"end":{"line":21,"column":11}},"loc":{"start":{"line":21,"column":18},"end":{"line":28,"column":3}},"line":21},"1":{"name":"(anonymous_1)","decl":{"start":{"line":29,"column":11},"end":{"line":29,"column":12}},"loc":{"start":{"line":29,"column":19},"end":{"line":32,"column":3}},"line":29},"2":{"name":"(anonymous_2)","decl":{"start":{"line":34,"column":24},"end":{"line":34,"column":25}},"loc":{"start":{"line":34,"column":37},"end":{"line":38,"column":1}},"line":34}},"branchMap":{"0":{"loc":{"start":{"line":8,"column":12},"end":{"line":8,"column":49}},"type":"binary-expr","locations":[{"start":{"line":8,"column":12},"end":{"line":8,"column":32}},{"start":{"line":8,"column":36},"end":{"line":8,"column":49}}],"line":8},"1":{"loc":{"start":{"line":13,"column":0},"end":{"line":17,"column":1}},"type":"if","locations":[{"start":{"line":13,"column":0},"end":{"line":17,"column":1}},{"start":{"line":15,"column":7},"end":{"line":17,"column":1}}],"line":13},"2":{"loc":{"start":{"line":23,"column":6},"end":{"line":26,"column":37}},"type":"binary-expr","locations":[{"start":{"line":23,"column":6},"end":{"line":23,"column":29}},{"start":{"line":24,"column":6},"end":{"line":24,"column":23}},{"start":{"line":25,"column":6},"end":{"line":25,"column":30}},{"start":{"line":26,"column":6},"end":{"line":26,"column":37}}],"line":23},"3":{"loc":{"start":{"line":35,"column":2},"end":{"line":37,"column":3}},"type":"if","locations":[{"start":{"line":35,"column":2},"end":{"line":37,"column":3}},{"start":{},"end":{}}],"line":35}},"s":{"0":3,"1":3,"2":3,"3":3,"4":3,"5":3,"6":3,"7":3,"8":3,"9":0,"10":3,"11":3,"12":12,"13":9,"14":9,"15":3,"16":9,"17":9,"18":3,"19":3,"20":3},"f":{"0":12,"1":9,"2":9},"b":{"0":[3,0],"1":[0,3],"2":[12,12,9,9],"3":[9,0]},"_coverageSchema":"1a1c01bbd47fc00a2c39e90264f33305004495a9","hash":"4e6150d59cb4c9b8b43701e0eb993bbb5ae03c4a"}
,"C:\\Users\\USER\\OneDrive\\Dokumen\\Hacktiv8\\phase 2\\week3\\Travel-AI-Project\\server\\models\\profile.js": {"path":"C:\\Users\\USER\\OneDrive\\Dokumen\\Hacktiv8\\phase 2\\week3\\Travel-AI-Project\\server\\models\\profile.js","statementMap":{"0":{"start":{"line":4,"column":4},"end":{"line":4,"column":24}},"1":{"start":{"line":5,"column":0},"end":{"line":47,"column":2}},"2":{"start":{"line":14,"column":6},"end":{"line":14,"column":63}},"3":{"start":{"line":17,"column":2},"end":{"line":45,"column":5}},"4":{"start":{"line":46,"column":2},"end":{"line":46,"column":17}}},"fnMap":{"0":{"name":"(anonymous_0)","decl":{"start":{"line":5,"column":17},"end":{"line":5,"column":18}},"loc":{"start":{"line":5,"column":43},"end":{"line":47,"column":1}},"line":5},"1":{"name":"(anonymous_1)","decl":{"start":{"line":12,"column":4},"end":{"line":12,"column":5}},"loc":{"start":{"line":12,"column":29},"end":{"line":15,"column":5}},"line":12}},"branchMap":{},"s":{"0":3,"1":3,"2":3,"3":3,"4":3},"f":{"0":3,"1":3},"b":{},"_coverageSchema":"1a1c01bbd47fc00a2c39e90264f33305004495a9","hash":"450a856cb345c2342bf40aa54bc779acedd04ce7"}
,"C:\\Users\\USER\\OneDrive\\Dokumen\\Hacktiv8\\phase 2\\week3\\Travel-AI-Project\\server\\models\\trip.js": {"path":"C:\\Users\\USER\\OneDrive\\Dokumen\\Hacktiv8\\phase 2\\week3\\Travel-AI-Project\\server\\models\\trip.js","statementMap":{"0":{"start":{"line":4,"column":4},"end":{"line":4,"column":24}},"1":{"start":{"line":5,"column":0},"end":{"line":107,"column":2}},"2":{"start":{"line":14,"column":6},"end":{"line":14,"column":60}},"3":{"start":{"line":17,"column":2},"end":{"line":105,"column":5}},"4":{"start":{"line":106,"column":2},"end":{"line":106,"column":14}}},"fnMap":{"0":{"name":"(anonymous_0)","decl":{"start":{"line":5,"column":17},"end":{"line":5,"column":18}},"loc":{"start":{"line":5,"column":43},"end":{"line":107,"column":1}},"line":5},"1":{"name":"(anonymous_1)","decl":{"start":{"line":12,"column":4},"end":{"line":12,"column":5}},"loc":{"start":{"line":12,"column":29},"end":{"line":15,"column":5}},"line":12}},"branchMap":{},"s":{"0":3,"1":3,"2":3,"3":3,"4":3},"f":{"0":3,"1":3},"b":{},"_coverageSchema":"1a1c01bbd47fc00a2c39e90264f33305004495a9","hash":"ea45a07b59eaa5773f673be18f81ef1ec53e4eaf"}
,"C:\\Users\\USER\\OneDrive\\Dokumen\\Hacktiv8\\phase 2\\week3\\Travel-AI-Project\\server\\models\\user.js": {"path":"C:\\Users\\USER\\OneDrive\\Dokumen\\Hacktiv8\\phase 2\\week3\\Travel-AI-Project\\server\\models\\user.js","statementMap":{"0":{"start":{"line":4,"column":4},"end":{"line":4,"column":24}},"1":{"start":{"line":5,"column":25},"end":{"line":5,"column":53}},"2":{"start":{"line":6,"column":0},"end":{"line":61,"column":2}},"3":{"start":{"line":15,"column":6},"end":{"line":15,"column":60}},"4":{"start":{"line":16,"column":6},"end":{"line":16,"column":58}},"5":{"start":{"line":19,"column":2},"end":{"line":56,"column":5}},"6":{"start":{"line":43,"column":10},"end":{"line":45,"column":11}},"7":{"start":{"line":44,"column":12},"end":{"line":44,"column":91}},"8":{"start":{"line":57,"column":2},"end":{"line":59,"column":4}},"9":{"start":{"line":58,"column":4},"end":{"line":58,"column":47}},"10":{"start":{"line":60,"column":2},"end":{"line":60,"column":14}}},"fnMap":{"0":{"name":"(anonymous_0)","decl":{"start":{"line":6,"column":17},"end":{"line":6,"column":18}},"loc":{"start":{"line":6,"column":43},"end":{"line":61,"column":1}},"line":6},"1":{"name":"(anonymous_1)","decl":{"start":{"line":13,"column":4},"end":{"line":13,"column":5}},"loc":{"start":{"line":13,"column":29},"end":{"line":17,"column":5}},"line":13},"2":{"name":"(anonymous_2)","decl":{"start":{"line":42,"column":8},"end":{"line":42,"column":9}},"loc":{"start":{"line":42,"column":35},"end":{"line":46,"column":9}},"line":42},"3":{"name":"(anonymous_3)","decl":{"start":{"line":57,"column":20},"end":{"line":57,"column":21}},"loc":{"start":{"line":57,"column":38},"end":{"line":59,"column":3}},"line":57}},"branchMap":{"0":{"loc":{"start":{"line":43,"column":10},"end":{"line":45,"column":11}},"type":"if","locations":[{"start":{"line":43,"column":10},"end":{"line":45,"column":11}},{"start":{},"end":{}}],"line":43},"1":{"loc":{"start":{"line":43,"column":14},"end":{"line":43,"column":60}},"type":"binary-expr","locations":[{"start":{"line":43,"column":14},"end":{"line":43,"column":28}},{"start":{"line":43,"column":33},"end":{"line":43,"column":39}},{"start":{"line":43,"column":43},"end":{"line":43,"column":59}}],"line":43}},"s":{"0":3,"1":3,"2":3,"3":3,"4":3,"5":3,"6":0,"7":0,"8":3,"9":0,"10":3},"f":{"0":3,"1":3,"2":0,"3":0},"b":{"0":[0,0],"1":[0,0,0]},"_coverageSchema":"1a1c01bbd47fc00a2c39e90264f33305004495a9","hash":"259f1a98e32bf73450c480ad9b8e69eec146b45f"}
,"C:\\Users\\USER\\OneDrive\\Dokumen\\Hacktiv8\\phase 2\\week3\\Travel-AI-Project\\server\\routes\\index.js": {"path":"C:\\Users\\USER\\OneDrive\\Dokumen\\Hacktiv8\\phase 2\\week3\\Travel-AI-Project\\server\\routes\\index.js","statementMap":{"0":{"start":{"line":1,"column":16},"end":{"line":1,"column":34}},"1":{"start":{"line":2,"column":15},"end":{"line":2,"column":31}},"2":{"start":{"line":4,"column":23},"end":{"line":4,"column":63}},"3":{"start":{"line":5,"column":22},"end":{"line":5,"column":49}},"4":{"start":{"line":6,"column":19},"end":{"line":6,"column":43}},"5":{"start":{"line":9,"column":0},"end":{"line":11,"column":3}},"6":{"start":{"line":10,"column":4},"end":{"line":10,"column":47}},"7":{"start":{"line":14,"column":0},"end":{"line":14,"column":50}},"8":{"start":{"line":15,"column":0},"end":{"line":15,"column":44}},"9":{"start":{"line":16,"column":0},"end":{"line":16,"column":57}},"10":{"start":{"line":19,"column":0},"end":{"line":19,"column":39}},"11":{"start":{"line":20,"column":0},"end":{"line":20,"column":33}},"12":{"start":{"line":22,"column":0},"end":{"line":22,"column":24}}},"fnMap":{"0":{"name":"(anonymous_0)","decl":{"start":{"line":9,"column":16},"end":{"line":9,"column":17}},"loc":{"start":{"line":9,"column":30},"end":{"line":11,"column":1}},"line":9}},"branchMap":{},"s":{"0":0,"1":0,"2":0,"3":0,"4":0,"5":0,"6":0,"7":0,"8":0,"9":0,"10":0,"11":0,"12":0},"f":{"0":0},"b":{}}
,"C:\\Users\\USER\\OneDrive\\Dokumen\\Hacktiv8\\phase 2\\week3\\Travel-AI-Project\\server\\routes\\routes_profile.js": {"path":"C:\\Users\\USER\\OneDrive\\Dokumen\\Hacktiv8\\phase 2\\week3\\Travel-AI-Project\\server\\routes\\routes_profile.js","statementMap":{"0":{"start":{"line":1,"column":16},"end":{"line":1,"column":34}},"1":{"start":{"line":2,"column":15},"end":{"line":2,"column":31}},"2":{"start":{"line":3,"column":26},"end":{"line":3,"column":69}},"3":{"start":{"line":4,"column":15},"end":{"line":4,"column":43}},"4":{"start":{"line":7,"column":0},"end":{"line":7,"column":46}},"5":{"start":{"line":10,"column":0},"end":{"line":10,"column":50}},"6":{"start":{"line":13,"column":0},"end":{"line":13,"column":47}},"7":{"start":{"line":16,"column":0},"end":{"line":16,"column":96}},"8":{"start":{"line":19,"column":0},"end":{"line":19,"column":55}},"9":{"start":{"line":21,"column":0},"end":{"line":21,"column":24}}},"fnMap":{},"branchMap":{},"s":{"0":0,"1":0,"2":0,"3":0,"4":0,"5":0,"6":0,"7":0,"8":0,"9":0},"f":{},"b":{}}
,"C:\\Users\\USER\\OneDrive\\Dokumen\\Hacktiv8\\phase 2\\week3\\Travel-AI-Project\\server\\routes\\routes_trip.js": {"path":"C:\\Users\\USER\\OneDrive\\Dokumen\\Hacktiv8\\phase 2\\week3\\Travel-AI-Project\\server\\routes\\routes_trip.js","statementMap":{"0":{"start":{"line":1,"column":16},"end":{"line":1,"column":34}},"1":{"start":{"line":2,"column":15},"end":{"line":2,"column":31}},"2":{"start":{"line":3,"column":23},"end":{"line":3,"column":63}},"3":{"start":{"line":4,"column":23},"end":{"line":4,"column":63}},"4":{"start":{"line":6,"column":0},"end":{"line":6,"column":27}},"5":{"start":{"line":8,"column":0},"end":{"line":8,"column":44}},"6":{"start":{"line":9,"column":0},"end":{"line":9,"column":43}},"7":{"start":{"line":10,"column":0},"end":{"line":10,"column":47}},"8":{"start":{"line":12,"column":0},"end":{"line":12,"column":44}},"9":{"start":{"line":13,"column":0},"end":{"line":13,"column":49}},"10":{"start":{"line":15,"column":0},"end":{"line":15,"column":24}}},"fnMap":{},"branchMap":{},"s":{"0":0,"1":0,"2":0,"3":0,"4":0,"5":0,"6":0,"7":0,"8":0,"9":0,"10":0},"f":{},"b":{}}
}
