TN:
SF:controllers\ProfileController.js
FN:6,(anonymous_0)
FN:22,(anonymous_1)
FN:61,(anonymous_2)
FN:93,(anonymous_3)
FN:128,(anonymous_4)
FN:166,(anonymous_5)
FN:170,(anonymous_6)
FN:202,(anonymous_7)
FN:210,(anonymous_8)
FNF:9
FNH:5
FNDA:3,(anonymous_0)
FNDA:3,(anonymous_1)
FNDA:3,(anonymous_2)
FNDA:6,(anonymous_3)
FNDA:0,(anonymous_4)
FNDA:0,(anonymous_5)
FNDA:0,(anonymous_6)
FNDA:0,(anonymous_7)
FNDA:4,(anonymous_8)
DA:1,1
DA:2,1
DA:4,1
DA:7,3
DA:8,3
DA:12,2
DA:13,1
DA:16,1
DA:18,2
DA:23,3
DA:24,3
DA:26,3
DA:27,1
DA:33,2
DA:37,2
DA:38,1
DA:44,1
DA:52,1
DA:57,2
DA:62,3
DA:63,3
DA:64,3
DA:66,3
DA:73,3
DA:74,1
DA:77,2
DA:84,2
DA:89,1
DA:94,6
DA:95,6
DA:96,6
DA:97,6
DA:99,6
DA:100,6
DA:103,6
DA:104,1
DA:105,1
DA:111,5
DA:119,5
DA:126,4
DA:127,1
DA:128,1
DA:129,1
DA:132,3
DA:136,3
DA:142,3
DA:143,2
DA:145,2
DA:146,2
DA:149,2
DA:150,1
DA:151,1
DA:152,1
DA:153,1
DA:158,2
DA:163,1
DA:166,1
DA:169,1
DA:170,1
DA:171,1
DA:179,1
DA:180,1
DA:181,1
DA:185,2
DA:189,2
DA:190,2
DA:192,2
DA:198,4
DA:201,4
DA:202,3
DA:205,4
DA:206,4
DA:211,4
DA:212,4
DA:214,4
DA:221,4
DA:222,1
DA:226,3
DA:228,1
DA:232,1
DA:233,1
DA:234,1
DA:235,1
DA:236,1
DA:241,3
DA:243,2
DA:247,2
LF:87
LH:87
BRDA:12,0,0,1
BRDA:12,0,1,1
BRDA:26,1,0,1
BRDA:26,1,1,2
BRDA:26,2,0,3
BRDA:26,2,1,3
BRDA:26,2,2,3
BRDA:26,2,3,2
BRDA:37,3,0,1
BRDA:37,3,1,1
BRDA:73,4,0,1
BRDA:73,4,1,2
BRDA:78,5,0,2
BRDA:78,5,1,0
BRDA:79,6,0,1
BRDA:79,6,1,1
BRDA:80,7,0,2
BRDA:80,7,1,2
BRDA:81,8,0,2
BRDA:81,8,1,2
BRDA:103,9,0,1
BRDA:103,9,1,5
BRDA:126,10,0,1
BRDA:126,10,1,3
BRDA:136,11,0,3
BRDA:136,11,1,2
BRDA:136,11,2,2
BRDA:142,12,0,2
BRDA:142,12,1,1
BRDA:149,13,0,1
BRDA:149,13,1,1
BRDA:152,14,0,1
BRDA:152,14,1,0
BRDA:201,15,0,3
BRDA:201,15,1,1
BRDA:221,16,0,1
BRDA:221,16,1,3
BRDA:226,17,0,1
BRDA:226,17,1,2
BRDA:228,18,0,1
BRDA:228,18,1,1
BRDA:228,18,2,1
BRDA:232,19,0,1
BRDA:232,19,1,0
BRDA:235,20,0,1
BRDA:235,20,1,0
BRF:46
BRH:42
end_of_record
TN:
SF:controllers\TripController.js
FN:14,(anonymous_0)
FN:50,(anonymous_1)
FN:96,(anonymous_2)
FN:112,(anonymous_3)
FN:134,(anonymous_4)
FN:172,(anonymous_5)
FNF:6
FNH:6
FNDA:5,(anonymous_0)
FNDA:5,(anonymous_1)
FNDA:3,(anonymous_2)
FNDA:3,(anonymous_3)
FNDA:4,(anonymous_4)
FNDA:3,(anonymous_5)
DA:1,1
DA:2,1
DA:5,1
DA:6,0
DA:10,1
DA:12,1
DA:15,5
DA:17,5
DA:19,5
DA:36,5
DA:37,4
DA:38,4
DA:40,4
DA:43,1
DA:46,1
DA:51,5
DA:52,5
DA:55,5
DA:56,2
DA:63,3
DA:64,3
DA:71,3
DA:74,3
DA:86,2
DA:91,3
DA:92,3
DA:97,3
DA:98,3
DA:105,2
DA:107,1
DA:108,1
DA:113,3
DA:114,3
DA:116,3
DA:123,2
DA:124,1
DA:127,1
DA:129,2
DA:130,2
DA:135,4
DA:136,4
DA:138,4
DA:145,3
DA:146,1
DA:149,2
DA:152,2
DA:162,2
DA:167,2
DA:168,2
DA:173,3
DA:174,3
DA:176,3
DA:183,2
DA:184,1
DA:187,1
DA:189,1
DA:193,2
DA:194,2
LF:58
LH:57
BRDA:5,0,0,0
BRDA:5,0,1,1
BRDA:55,1,0,2
BRDA:55,1,1,3
BRDA:55,2,0,5
BRDA:55,2,1,4
BRDA:55,2,2,3
BRDA:55,2,3,3
BRDA:55,2,4,3
BRDA:55,2,5,3
BRDA:82,3,0,3
BRDA:82,3,1,2
BRDA:123,4,0,1
BRDA:123,4,1,1
BRDA:145,5,0,1
BRDA:145,5,1,2
BRDA:153,6,0,2
BRDA:153,6,1,1
BRDA:154,7,0,2
BRDA:154,7,1,2
BRDA:155,8,0,2
BRDA:155,8,1,2
BRDA:156,9,0,1
BRDA:156,9,1,1
BRDA:157,10,0,2
BRDA:157,10,1,2
BRDA:158,11,0,2
BRDA:158,11,1,2
BRDA:159,12,0,2
BRDA:159,12,1,2
BRDA:183,13,0,1
BRDA:183,13,1,1
BRF:32
BRH:31
end_of_record
TN:
SF:controllers\UserController.js
FN:9,(anonymous_0)
FN:22,(anonymous_1)
FN:62,(anonymous_2)
FNF:3
FNH:3
FNDA:2,(anonymous_0)
FNDA:5,(anonymous_1)
FNDA:5,(anonymous_2)
DA:1,1
DA:2,1
DA:3,1
DA:4,1
DA:5,1
DA:7,1
DA:10,2
DA:11,2
DA:12,2
DA:13,1
DA:17,1
DA:18,1
DA:23,5
DA:24,5
DA:26,5
DA:27,1
DA:30,4
DA:31,1
DA:34,3
DA:38,3
DA:39,1
DA:42,2
DA:43,2
DA:44,1
DA:47,1
DA:49,1
DA:57,4
DA:58,4
DA:63,5
DA:64,5
DA:66,5
DA:67,1
DA:70,4
DA:72,4
DA:77,3
DA:78,3
DA:80,3
DA:81,1
DA:84,2
DA:95,2
DA:99,2
DA:108,3
DA:109,3
LF:43
LH:43
BRDA:26,0,0,1
BRDA:26,0,1,4
BRDA:30,1,0,1
BRDA:30,1,1,3
BRDA:38,2,0,1
BRDA:38,2,1,2
BRDA:43,3,0,1
BRDA:43,3,1,1
BRDA:66,4,0,1
BRDA:66,4,1,4
BRDA:80,5,0,1
BRDA:80,5,1,2
BRF:12
BRH:12
end_of_record
TN:
SF:helpers\bcrypt.js
FN:2,(anonymous_0)
FN:7,(anonymous_1)
FNF:2
FNH:0
FNDA:0,(anonymous_0)
FNDA:0,(anonymous_1)
DA:1,3
DA:2,3
DA:3,0
DA:4,0
DA:7,3
DA:8,0
DA:11,3
LF:7
LH:4
BRF:0
BRH:0
end_of_record
TN:
SF:helpers\cloudinary.js
FN:16,uploadToCloudinary
FN:32,deleteFromCloudinary
FN:46,extractPublicId
FNF:3
FNH:0
FNDA:0,uploadToCloudinary
FNDA:0,deleteFromCloudinary
FNDA:0,extractPublicId
DA:1,0
DA:4,0
DA:17,0
DA:25,0
DA:33,0
DA:34,0
DA:37,0
DA:47,0
DA:50,0
DA:51,0
DA:53,0
DA:56,0
LF:12
LH:0
BRDA:16,0,0,0
BRDA:47,1,0,0
BRDA:47,1,1,0
BRDA:53,2,0,0
BRDA:53,2,1,0
BRF:5
BRH:0
end_of_record
TN:
SF:helpers\jwt.js
FN:5,(anonymous_0)
FN:9,(anonymous_1)
FNF:2
FNH:0
FNDA:0,(anonymous_0)
FNDA:0,(anonymous_1)
DA:1,1
DA:3,1
DA:5,1
DA:6,0
DA:9,1
DA:10,0
DA:13,1
LF:7
LH:5
BRF:0
BRH:0
end_of_record
TN:
SF:helpers\upload.js
FN:6,(anonymous_0)
FN:9,(anonymous_1)
FN:16,(anonymous_2)
FNF:3
FNH:0
FNDA:0,(anonymous_0)
FNDA:0,(anonymous_1)
FNDA:0,(anonymous_2)
DA:1,0
DA:2,0
DA:5,0
DA:7,0
DA:10,0
DA:11,0
DA:16,0
DA:17,0
DA:18,0
DA:19,0
DA:21,0
DA:22,0
DA:24,0
DA:29,0
DA:37,0
LF:15
LH:0
BRDA:21,0,0,0
BRDA:21,0,1,0
BRDA:21,1,0,0
BRDA:21,1,1,0
BRF:4
BRH:0
end_of_record
TN:
SF:middlewares\authentication.js
FN:4,authMiddleware
FNF:1
FNH:0
FNDA:0,authMiddleware
DA:1,0
DA:2,0
DA:4,0
DA:5,0
DA:6,0
DA:9,0
DA:12,0
DA:15,0
DA:16,0
DA:17,0
DA:20,0
DA:21,0
DA:25,0
DA:28,0
DA:29,0
DA:30,0
DA:34,0
DA:39,0
DA:41,0
DA:43,0
LF:20
LH:0
BRDA:12,0,0,0
BRDA:12,0,1,0
BRDA:20,1,0,0
BRDA:20,1,1,0
BRDA:20,2,0,0
BRDA:20,2,1,0
BRDA:29,3,0,0
BRDA:29,3,1,0
BRF:8
BRH:0
end_of_record
TN:
SF:middlewares\errorHandler.js
FN:1,(anonymous_0)
FN:15,(anonymous_1)
FNF:2
FNH:0
FNDA:0,(anonymous_0)
FNDA:0,(anonymous_1)
DA:1,0
DA:2,0
DA:3,0
DA:5,0
DA:11,0
DA:14,0
DA:15,0
DA:16,0
DA:19,0
DA:20,0
DA:21,0
DA:25,0
DA:26,0
DA:27,0
DA:30,0
DA:31,0
DA:32,0
DA:35,0
DA:36,0
DA:37,0
DA:41,0
DA:42,0
DA:43,0
DA:44,0
DA:45,0
DA:47,0
DA:49,0
DA:53,0
DA:54,0
DA:55,0
DA:58,0
LF:31
LH:0
BRDA:11,0,0,0
BRDA:11,0,1,0
BRDA:11,0,2,0
BRDA:11,0,3,0
BRDA:11,0,4,0
BRDA:11,0,5,0
BRDA:11,0,6,0
BRDA:11,0,7,0
BRDA:11,0,8,0
BRDA:20,1,0,0
BRDA:20,1,1,0
BRDA:26,2,0,0
BRDA:26,2,1,0
BRDA:31,3,0,0
BRDA:31,3,1,0
BRDA:36,4,0,0
BRDA:36,4,1,0
BRDA:42,5,0,0
BRDA:42,5,1,0
BRDA:44,6,0,0
BRDA:44,6,1,0
BRDA:55,7,0,0
BRDA:55,7,1,0
BRF:23
BRH:0
end_of_record
TN:
SF:models\index.js
FN:21,(anonymous_0)
FN:29,(anonymous_1)
FN:34,(anonymous_2)
FNF:3
FNH:3
FNDA:12,(anonymous_0)
FNDA:9,(anonymous_1)
FNDA:9,(anonymous_2)
DA:3,3
DA:4,3
DA:5,3
DA:6,3
DA:7,3
DA:8,3
DA:9,3
DA:10,3
DA:13,3
DA:14,0
DA:16,3
DA:19,3
DA:22,12
DA:30,9
DA:31,9
DA:34,3
DA:35,9
DA:36,9
DA:40,3
DA:41,3
DA:43,3
LF:21
LH:20
BRDA:8,0,0,3
BRDA:8,0,1,0
BRDA:13,1,0,0
BRDA:13,1,1,3
BRDA:23,2,0,12
BRDA:23,2,1,12
BRDA:23,2,2,9
BRDA:23,2,3,9
BRDA:35,3,0,9
BRDA:35,3,1,0
BRF:10
BRH:7
end_of_record
TN:
SF:models\profile.js
FN:5,(anonymous_0)
FN:12,(anonymous_1)
FNF:2
FNH:2
FNDA:3,(anonymous_0)
FNDA:3,(anonymous_1)
DA:4,3
DA:5,3
DA:14,3
DA:17,3
DA:46,3
LF:5
LH:5
BRF:0
BRH:0
end_of_record
TN:
SF:models\trip.js
FN:5,(anonymous_0)
FN:12,(anonymous_1)
FNF:2
FNH:2
FNDA:3,(anonymous_0)
FNDA:3,(anonymous_1)
DA:4,3
DA:5,3
DA:14,3
DA:17,3
DA:106,3
LF:5
LH:5
BRF:0
BRH:0
end_of_record
TN:
SF:models\user.js
FN:6,(anonymous_0)
FN:13,(anonymous_1)
FN:42,(anonymous_2)
FN:57,(anonymous_3)
FNF:4
FNH:2
FNDA:3,(anonymous_0)
FNDA:3,(anonymous_1)
FNDA:0,(anonymous_2)
FNDA:0,(anonymous_3)
DA:4,3
DA:5,3
DA:6,3
DA:15,3
DA:16,3
DA:19,3
DA:43,0
DA:44,0
DA:57,3
DA:58,0
DA:60,3
LF:11
LH:8
BRDA:43,0,0,0
BRDA:43,0,1,0
BRDA:43,1,0,0
BRDA:43,1,1,0
BRDA:43,1,2,0
BRF:5
BRH:0
end_of_record
TN:
SF:routes\index.js
FN:9,(anonymous_0)
FNF:1
FNH:0
FNDA:0,(anonymous_0)
DA:1,0
DA:2,0
DA:4,0
DA:5,0
DA:6,0
DA:9,0
DA:10,0
DA:14,0
DA:15,0
DA:16,0
DA:19,0
DA:20,0
DA:22,0
LF:13
LH:0
BRF:0
BRH:0
end_of_record
TN:
SF:routes\routes_profile.js
FNF:0
FNH:0
DA:1,0
DA:2,0
DA:3,0
DA:4,0
DA:7,0
DA:10,0
DA:13,0
DA:16,0
DA:19,0
DA:21,0
LF:10
LH:0
BRF:0
BRH:0
end_of_record
TN:
SF:routes\routes_trip.js
FNF:0
FNH:0
DA:1,0
DA:2,0
DA:3,0
DA:4,0
DA:6,0
DA:8,0
DA:9,0
DA:10,0
DA:12,0
DA:13,0
DA:15,0
LF:11
LH:0
BRF:0
BRH:0
end_of_record
