TN:
SF:controllers\ProfileController.js
FN:6,(anonymous_0)
FN:43,(anonymous_1)
FN:63,(anonymous_2)
FN:99,(anonymous_3)
FNF:4
FNH:3
FNDA:3,(anonymous_0)
FNDA:2,(anonymous_1)
FNDA:0,(anonymous_2)
FNDA:1,(anonymous_3)
DA:1,2
DA:2,2
DA:4,2
DA:7,3
DA:8,3
DA:10,2
DA:11,1
DA:14,1
DA:15,1
DA:17,1
DA:22,1
DA:31,1
DA:36,1
DA:37,1
DA:44,2
DA:45,2
DA:51,2
DA:52,1
DA:55,1
DA:58,1
DA:59,1
DA:64,0
DA:65,0
DA:66,0
DA:72,0
DA:73,0
DA:81,0
DA:83,0
DA:92,0
DA:94,0
DA:95,0
DA:100,1
DA:101,1
DA:102,1
DA:103,1
DA:104,0
DA:107,1
DA:108,1
DA:109,0
DA:113,1
DA:116,1
DA:119,1
DA:121,1
DA:123,1
DA:127,1
DA:131,0
DA:132,0
LF:47
LH:33
BRDA:10,0,0,1
BRDA:10,0,1,1
BRDA:51,1,0,1
BRDA:51,1,1,1
BRDA:72,2,0,0
BRDA:72,2,1,0
BRDA:103,3,0,0
BRDA:103,3,1,1
BRDA:108,4,0,0
BRDA:108,4,1,1
BRF:10
BRH:6
end_of_record
TN:
SF:controllers\TripController.js
FN:15,(anonymous_0)
FN:42,(anonymous_1)
FN:88,(anonymous_2)
FN:108,(anonymous_3)
FN:130,(anonymous_4)
FN:166,(anonymous_5)
FNF:6
FNH:3
FNDA:2,(anonymous_0)
FNDA:2,(anonymous_1)
FNDA:0,(anonymous_2)
FNDA:0,(anonymous_3)
FNDA:0,(anonymous_4)
FNDA:1,(anonymous_5)
DA:1,2
DA:2,2
DA:5,2
DA:9,2
DA:10,0
DA:13,2
DA:16,2
DA:17,2
DA:19,2
DA:31,2
DA:32,2
DA:33,2
DA:35,2
DA:37,0
DA:38,0
DA:43,2
DA:44,2
DA:47,2
DA:55,2
DA:67,2
DA:82,0
DA:83,0
DA:89,0
DA:90,0
DA:97,0
DA:98,0
DA:100,0
DA:102,0
DA:103,0
DA:109,0
DA:110,0
DA:111,0
DA:118,0
DA:119,0
DA:122,0
DA:124,0
DA:125,0
DA:131,0
DA:132,0
DA:133,0
DA:140,0
DA:141,0
DA:144,0
DA:146,0
DA:158,0
DA:160,0
DA:161,0
DA:167,1
DA:169,1
DA:170,1
DA:177,1
DA:178,0
DA:181,1
DA:182,1
DA:185,0
DA:186,0
LF:56
LH:23
BRDA:9,0,0,0
BRDA:9,0,1,2
BRDA:97,1,0,0
BRDA:97,1,1,0
BRDA:118,2,0,0
BRDA:118,2,1,0
BRDA:140,3,0,0
BRDA:140,3,1,0
BRDA:177,4,0,0
BRDA:177,4,1,1
BRF:10
BRH:2
end_of_record
TN:
SF:controllers\UserController.js
FN:8,(anonymous_0)
FN:25,(anonymous_1)
FNF:2
FNH:2
FNDA:3,(anonymous_0)
FNDA:3,(anonymous_1)
DA:1,2
DA:2,2
DA:3,2
DA:4,2
DA:6,2
DA:9,3
DA:11,3
DA:13,3
DA:15,2
DA:20,1
DA:21,1
DA:26,3
DA:28,3
DA:30,3
DA:31,2
DA:34,1
DA:35,0
DA:39,1
DA:44,1
DA:45,0
DA:49,1
DA:50,1
DA:51,0
DA:55,1
DA:58,1
DA:60,2
DA:61,2
LF:27
LH:24
BRDA:30,0,0,2
BRDA:30,0,1,1
BRDA:34,1,0,0
BRDA:34,1,1,1
BRDA:44,2,0,0
BRDA:44,2,1,1
BRDA:50,3,0,0
BRDA:50,3,1,1
BRF:8
BRH:5
end_of_record
TN:
SF:helpers\bcrypt.js
FN:2,(anonymous_0)
FN:7,(anonymous_1)
FNF:2
FNH:2
FNDA:1,(anonymous_0)
FNDA:2,(anonymous_1)
DA:1,7
DA:2,7
DA:3,1
DA:4,1
DA:7,7
DA:8,2
DA:11,7
LF:7
LH:7
BRF:0
BRH:0
end_of_record
TN:
SF:helpers\jwt.js
FN:5,(anonymous_0)
FN:9,(anonymous_1)
FNF:2
FNH:2
FNDA:2,(anonymous_0)
FNDA:4,(anonymous_1)
DA:1,4
DA:3,4
DA:5,4
DA:6,2
DA:9,4
DA:10,4
DA:13,4
LF:7
LH:7
BRF:0
BRH:0
end_of_record
TN:
SF:helpers\upload.js
FNF:0
FNH:0
DA:1,1
DA:2,1
DA:4,1
DA:5,1
DA:8,1
DA:14,1
LF:6
LH:6
BRF:0
BRH:0
end_of_record
TN:
SF:middlewares\authentication.js
FN:4,authMiddleware
FNF:1
FNH:1
FNDA:7,authMiddleware
DA:1,2
DA:2,2
DA:4,2
DA:5,7
DA:6,7
DA:9,7
DA:12,7
DA:15,6
DA:16,6
DA:17,6
DA:20,6
DA:21,1
DA:25,5
DA:28,5
DA:29,5
DA:30,1
DA:34,4
DA:39,4
DA:41,3
DA:43,3
LF:20
LH:20
BRDA:12,0,0,1
BRDA:12,0,1,6
BRDA:20,1,0,1
BRDA:20,1,1,5
BRDA:20,2,0,6
BRDA:20,2,1,5
BRDA:29,3,0,1
BRDA:29,3,1,4
BRF:8
BRH:8
end_of_record
TN:
SF:middlewares\errorHandler.js
FN:2,errorHandler
FNF:1
FNH:1
FNDA:8,errorHandler
DA:2,2
DA:3,8
DA:5,8
DA:6,1
DA:9,7
DA:10,1
DA:13,6
DA:14,2
DA:16,4
DA:17,1
DA:20,3
DA:21,1
DA:24,2
LF:13
LH:13
BRDA:5,0,0,1
BRDA:5,0,1,7
BRDA:9,1,0,1
BRDA:9,1,1,6
BRDA:13,2,0,2
BRDA:13,2,1,4
BRDA:16,3,0,1
BRDA:16,3,1,3
BRDA:20,4,0,1
BRDA:20,4,1,2
BRDA:20,5,0,3
BRDA:20,5,1,2
BRF:12
BRH:12
end_of_record
TN:
SF:routes\index.js
FNF:0
FNH:0
DA:1,1
DA:2,1
DA:3,1
DA:4,1
DA:5,1
DA:6,1
DA:9,1
DA:10,1
DA:12,1
DA:14,1
DA:15,1
DA:17,1
LF:12
LH:12
BRF:0
BRH:0
end_of_record
TN:
SF:routes\routes_profile.js
FNF:0
FNH:0
DA:1,1
DA:2,1
DA:3,1
DA:4,1
DA:7,1
DA:8,1
DA:9,1
DA:10,1
DA:14,1
LF:9
LH:9
BRF:0
BRH:0
end_of_record
TN:
SF:routes\routes_trip.js
FNF:0
FNH:0
DA:1,1
DA:2,1
DA:3,1
DA:5,1
DA:6,1
DA:7,1
DA:8,1
DA:9,1
DA:11,1
LF:9
LH:9
BRF:0
BRH:0
end_of_record
